<?xml version='1.0' encoding='ISO-8859-1'?>
<SunopsisExport><Admin IsSmartExportFile='true' OdiVersion='12.1.3 - 11/08/2015' Created='2016-01-12 16:16:29 +0100' IsLegacyIdCompatible='false' RepositoryVersion='05.01.02.02' OriginMasterRepositoryID='0' OriginWorkRepositoryID='1'></Admin><Encryption keyVect='FMeWz7NoEIkjxq+zZU8I3Q==' exportKeyHash='yqJTvYVrfeoPGNkIKoArqC1VEts9qcT+1bT3SUHG2DE=' exportKeySalt='dafacc08-b2ba-4a7d-9d11-7be4ae5336e5' containsCipherText='true' algorithm='AES' keyLength='128'></Encryption><SmartExportList materializeShortcut='false'><Include>SnpProject#164</Include></SmartExportList><Object class='com.sunopsis.dwg.dbobj.SnpTrt'><Field name='BaseKmType' type='java.lang.String'>null</Field><Field name='CleanupOnError' type='java.lang.String'>null</Field><Field name='CompType' type='java.lang.String'>null</Field><Field name='DelegateClass' type='java.lang.String'>null</Field><Field name='DelegateScript' type='java.lang.String'>null</Field><Field name='ExpectedAstClass' type='java.lang.String'>null</Field><Field name='ExtVersion' type='java.lang.String'>null</Field><Field name='FirstDate' type='java.sql.Timestamp'>2015-12-22 16:51:00.0</Field><Field name='FirstUser' type='java.lang.String'>G85JJTT</Field><Field name='GenType' type='java.lang.String'>null</Field><Field name='GlobalId' type='java.lang.String'>0cc0c52f-5923-4f3f-94c7-82d8b3fc5611</Field><Field name='IndChange' type='java.lang.String'>U</Field><Field name='IndJrnMethod' type='java.lang.String'>S</Field><Field name='IndSuppSetBased' type='java.lang.String'>null</Field><Field name='IntgType' type='java.lang.String'>INCREMENTAL_UPDATE</Field><Field name='IntVersion' type='com.sunopsis.sql.DbInt'>3</Field><Field name='IsConcurrent' type='java.lang.String'>null</Field><Field name='IsSeeded' type='java.lang.String'>null</Field><Field name='IBaseCompKm' type='com.sunopsis.sql.DbInt'>null</Field><Field name='IFolder' type='com.sunopsis.sql.DbInt'>null</Field><Field name='IProject' type='com.sunopsis.sql.DbInt'>null</Field><Field name='IScBaseTrt' type='com.sunopsis.sql.DbInt'>null</Field><Field name='IScOrigTrt' type='com.sunopsis.sql.DbInt'>null</Field><Field name='IScTrt' type='com.sunopsis.sql.DbInt'>null</Field><Field name='IState' type='com.sunopsis.sql.DbInt'>null</Field><Field name='ITrt' type='com.sunopsis.sql.DbInt'>801</Field><Field name='ITxtTrtTxt' type='com.sunopsis.sql.DbInt'>15797</Field><Field name='KimMultiDserver' type='java.lang.String'>0</Field><Field name='KmDefault' type='java.lang.String'>0</Field><Field name='KmSrcTechno' type='java.lang.String'>null</Field><Field name='KmTechno' type='java.lang.String'>ORACLE</Field><Field name='KmVersion' type='java.lang.String'>25</Field><Field name='LastDate' type='java.sql.Timestamp'>2015-12-23 12:30:18.0</Field><Field name='LastUser' type='java.lang.String'>G85JJTT</Field><Field name='LkmType' type='java.lang.String'>null</Field><Field name='LChecksum' type='com.sunopsis.sql.DbInt'>-1593195501</Field><Field name='LCode' type='java.lang.String'>null</Field><Field name='OggJkm' type='java.lang.String'>null</Field><Field name='OrdFolder' type='com.sunopsis.sql.DbInt'>null</Field><Field name='ProcType' type='java.lang.String'>null</Field><Field name='ProdAstType' type='java.lang.String'>null</Field><Field name='RepGuid' type='java.lang.String'>null</Field><Field name='RepVersion' type='java.lang.String'>null</Field><Field name='ScriptPath' type='java.lang.String'>null</Field><Field name='Subtype' type='java.lang.String'>null</Field><Field name='TrtName' type='java.lang.String'>IKM_GR_Oracle Incremental Update (MERGE)</Field><Field name='TrtType' type='java.lang.String'>KI</Field><Field name='VariableDefs' type='java.lang.String'>null</Field><Field name='VLastDate' type='java.sql.Timestamp'>2009-06-17 16:37:42.0</Field></Object><Object class='com.sunopsis.dwg.dbobj.SnpState2'><Field name='FirstDate' type='java.sql.Timestamp'>2015-12-22 16:51:28.0</Field><Field name='FirstUser' type='java.lang.String'>G85JJTT</Field><Field name='GlobalId' type='java.lang.String'>d7ad44b1-07f9-44f2-8da5-d07ec3303662</Field><Field name='IconRes' type='java.lang.String'>/markers/taskcomp_90.gif</Field><Field name='IndChange' type='java.lang.String'>I</Field><Field name='IntVersion' type='com.sunopsis.sql.DbInt'>2</Field><Field name='InUse' type='java.lang.String'>1</Field><Field name='IGrpState' type='com.sunopsis.sql.DbInt'>215</Field><Field name='IState' type='com.sunopsis.sql.DbInt'>840</Field><Field name='LastDate' type='java.sql.Timestamp'>2015-12-23 12:29:19.0</Field><Field name='LastUser' type='java.lang.String'>G85JJTT</Field><Field name='ShowDesc' type='java.lang.String'>1</Field><Field name='StateCode' type='java.lang.String'>PROGRESS_90__</Field><Field name='StateDatatype' type='java.lang.String'>A</Field><Field name='StateName' type='java.lang.String'>Progress 90 %</Field><Field name='StateOrder' type='com.sunopsis.sql.DbInt'>70</Field></Object></SunopsisExport>