<?xml version="1.0" encoding="ISO-8859-1"?>
<SunopsisExport>
<Admin IsSmartExportFile="true" RepositoryVersion="05.01.02.02" OdiVersion="12.1.3 - 11/08/2015" OriginMasterRepositoryID="0" IsLegacyIdCompatible="false" OriginWorkRepositoryID="1" Created="2016-01-12 16:16:29 +0100" />
<Encryption algorithm="AES" keyLength="128" exportKeyHash="yqJTvYVrfeoPGNkIKoArqC1VEts9qcT+1bT3SUHG2DE=" keyVect="FMeWz7NoEIkjxq+zZU8I3Q==" exportKeySalt="dafacc08-b2ba-4a7d-9d11-7be4ae5336e5" containsCipherText="true"/>
<SmartExportList materializeShortcut="false">
   <Include><![CDATA[SnpProject#164]]></Include>
</SmartExportList>
<Object class="com.sunopsis.dwg.dbobj.SnpConnect">
		<Field name="BatchUpdateSize" type="com.sunopsis.sql.DbInt"><![CDATA[30]]></Field>
	<Field name="ConnectType" type="java.lang.String"><![CDATA[D]]></Field>
	<Field name="ConName" type="java.lang.String"><![CDATA[ORACLE_DROD1D]]></Field>
	<Field name="DservName" type="java.lang.String"><![CDATA[DROD1D]]></Field>
	<Field name="FetchArrayServ" type="com.sunopsis.sql.DbInt"><![CDATA[30]]></Field>
	<Field name="FirstDate" type="java.sql.Timestamp"><![CDATA[2015-08-25 07:31:21.0]]></Field>
	<Field name="FirstUser" type="java.lang.String"><![CDATA[SUPERVISOR]]></Field>
	<Field name="GlobalId" type="java.lang.String"><![CDATA[0ccb5fa7-04ce-4922-812f-a0b425218e06]]></Field>
	<Field name="IndJndi" type="java.lang.String"><![CDATA[0]]></Field>
	<Field name="IntVersion" type="com.sunopsis.sql.DbInt"><![CDATA[4]]></Field>
	<Field name="IConnect" type="com.sunopsis.sql.DbInt"><![CDATA[17]]></Field>
	<Field name="IDefPschema" type="com.sunopsis.sql.DbInt"><![CDATA[null]]></Field>
	<Field name="IHost" type="com.sunopsis.sql.DbInt"><![CDATA[null]]></Field>
	<Field name="ITechno" type="com.sunopsis.sql.DbInt"><![CDATA[80]]></Field>
	<Field name="ITxtJavaUrl" type="com.sunopsis.sql.DbInt"><![CDATA[3505]]></Field>
	<Field name="ITxtJndiUrl" type="com.sunopsis.sql.DbInt"><![CDATA[null]]></Field>
	<Field name="ITxtWsBaseUrl" type="com.sunopsis.sql.DbInt"><![CDATA[null]]></Field>
	<Field name="JagentHost" type="java.lang.String">null</Field>
	<Field name="JagentMgrPort" type="com.sunopsis.sql.DbInt"><![CDATA[null]]></Field>
	<Field name="JagentPort" type="com.sunopsis.sql.DbInt"><![CDATA[null]]></Field>
	<Field name="JavaDriver" type="java.lang.String"><![CDATA[oracle.jdbc.OracleDriver]]></Field>
	<Field name="JndiAuthent" type="java.lang.String">null</Field>
	<Field name="JndiFactory" type="java.lang.String">null</Field>
	<Field name="JndiProto" type="java.lang.String">null</Field>
	<Field name="JndiPwd" type="java.lang.String">null</Field>
	<Field name="JndiRessource" type="java.lang.String">null</Field>
	<Field name="JndiUser" type="java.lang.String">null</Field>
	<Field name="LastDate" type="java.sql.Timestamp"><![CDATA[2015-09-16 11:03:04.0]]></Field>
	<Field name="LastUser" type="java.lang.String"><![CDATA[SUPERVISOR]]></Field>
	<Field name="OggInstallPath" type="java.lang.String">null</Field>
	<Field name="OnConApplyCond" type="java.lang.String">null</Field>
	<Field name="OnConCmd" type="java.lang.String">null</Field>
	<Field name="OnConIndCommit" type="java.lang.String"><![CDATA[0]]></Field>
	<Field name="OnConIndErr" type="java.lang.String"><![CDATA[0]]></Field>
	<Field name="OnConLogLevel" type="java.lang.String"><![CDATA[3]]></Field>
	<Field name="OnDcnApplyCond" type="java.lang.String">null</Field>
	<Field name="OnDcnCmd" type="java.lang.String">null</Field>
	<Field name="OnDcnIndCommit" type="java.lang.String"><![CDATA[0]]></Field>
	<Field name="OnDcnIndErr" type="java.lang.String"><![CDATA[0]]></Field>
	<Field name="OnDcnLogLevel" type="java.lang.String"><![CDATA[3]]></Field>
	<Field name="Pass" type="java.lang.String"><![CDATA[n6leHAVo7FAtqqvvB8M4ZA==]]></Field>
	<Field name="TgtParallelConfig" type="com.sunopsis.sql.DbInt"><![CDATA[1]]></Field>
	<Field name="UserName" type="java.lang.String"><![CDATA[R_ODIJOB]]></Field>
	<Field name="WsDeployMode" type="java.lang.String"><![CDATA[U]]></Field>
</Object>
<Object class="com.sunopsis.dwg.dbobj.SnpMtxt">
		<Field name="Enc" type="java.lang.String">null</Field>
	<Field name="EncKey" type="java.lang.String">null</Field>
	<Field name="EncKeyVect" type="java.lang.String">null</Field>
	<Field name="FullTxt" type="java.lang.String"><![CDATA[jdbc:oracle:thin:@10.193.106.11:1521:drod1d]]></Field>
	<Field name="GlobalId" type="java.lang.String"><![CDATA[107fe926-edfc-49d0-9c03-7bfc0ddb4737]]></Field>
	<Field name="ITxt" type="com.sunopsis.sql.DbInt"><![CDATA[3505]]></Field>
	<Field name="ITxtOrig" type="com.sunopsis.sql.DbInt"><![CDATA[6]]></Field>
	<Field name="Txt" type="java.lang.String"><![CDATA[jdbc:oracle:thin:@10.193.106.11:1521:drod1d]]></Field>
</Object>
<Object class="com.sunopsis.dwg.dbobj.SnpMorigTxt">
		<Field name="ITxtOrig" type="com.sunopsis.sql.DbInt"><![CDATA[6]]></Field>
	<Field name="OrigineName" type="java.lang.String"><![CDATA[MOrigTxt.Connect.JavaURL]]></Field>
	<Field name="SnpsCol" type="java.lang.String"><![CDATA[I_TXT_JAVA_URL]]></Field>
	<Field name="SnpsTable" type="java.lang.String"><![CDATA[SNP_CONNECT]]></Field>
</Object>
<Object class="com.sunopsis.dwg.dbobj.SnpConnect">
		<Field name="BatchUpdateSize" type="com.sunopsis.sql.DbInt"><![CDATA[30]]></Field>
	<Field name="ConnectType" type="java.lang.String"><![CDATA[D]]></Field>
	<Field name="ConName" type="java.lang.String"><![CDATA[ORACLE_TROD0O]]></Field>
	<Field name="DservName" type="java.lang.String"><![CDATA[TROD0O]]></Field>
	<Field name="FetchArrayServ" type="com.sunopsis.sql.DbInt"><![CDATA[30]]></Field>
	<Field name="FirstDate" type="java.sql.Timestamp"><![CDATA[2015-08-31 16:32:28.0]]></Field>
	<Field name="FirstUser" type="java.lang.String"><![CDATA[SUPERVISOR]]></Field>
	<Field name="GlobalId" type="java.lang.String"><![CDATA[b69948f8-1f09-4c1a-8b7e-b642ec3fd3f7]]></Field>
	<Field name="IndJndi" type="java.lang.String"><![CDATA[0]]></Field>
	<Field name="IntVersion" type="com.sunopsis.sql.DbInt"><![CDATA[4]]></Field>
	<Field name="IConnect" type="com.sunopsis.sql.DbInt"><![CDATA[27]]></Field>
	<Field name="IDefPschema" type="com.sunopsis.sql.DbInt"><![CDATA[null]]></Field>
	<Field name="IHost" type="com.sunopsis.sql.DbInt"><![CDATA[null]]></Field>
	<Field name="ITechno" type="com.sunopsis.sql.DbInt"><![CDATA[80]]></Field>
	<Field name="ITxtJavaUrl" type="com.sunopsis.sql.DbInt"><![CDATA[3515]]></Field>
	<Field name="ITxtJndiUrl" type="com.sunopsis.sql.DbInt"><![CDATA[null]]></Field>
	<Field name="ITxtWsBaseUrl" type="com.sunopsis.sql.DbInt"><![CDATA[null]]></Field>
	<Field name="JagentHost" type="java.lang.String">null</Field>
	<Field name="JagentMgrPort" type="com.sunopsis.sql.DbInt"><![CDATA[null]]></Field>
	<Field name="JagentPort" type="com.sunopsis.sql.DbInt"><![CDATA[null]]></Field>
	<Field name="JavaDriver" type="java.lang.String"><![CDATA[oracle.jdbc.OracleDriver]]></Field>
	<Field name="JndiAuthent" type="java.lang.String">null</Field>
	<Field name="JndiFactory" type="java.lang.String">null</Field>
	<Field name="JndiProto" type="java.lang.String">null</Field>
	<Field name="JndiPwd" type="java.lang.String">null</Field>
	<Field name="JndiRessource" type="java.lang.String">null</Field>
	<Field name="JndiUser" type="java.lang.String">null</Field>
	<Field name="LastDate" type="java.sql.Timestamp"><![CDATA[2015-09-16 11:03:16.0]]></Field>
	<Field name="LastUser" type="java.lang.String"><![CDATA[SUPERVISOR]]></Field>
	<Field name="OggInstallPath" type="java.lang.String">null</Field>
	<Field name="OnConApplyCond" type="java.lang.String">null</Field>
	<Field name="OnConCmd" type="java.lang.String">null</Field>
	<Field name="OnConIndCommit" type="java.lang.String"><![CDATA[0]]></Field>
	<Field name="OnConIndErr" type="java.lang.String"><![CDATA[0]]></Field>
	<Field name="OnConLogLevel" type="java.lang.String"><![CDATA[3]]></Field>
	<Field name="OnDcnApplyCond" type="java.lang.String">null</Field>
	<Field name="OnDcnCmd" type="java.lang.String">null</Field>
	<Field name="OnDcnIndCommit" type="java.lang.String"><![CDATA[0]]></Field>
	<Field name="OnDcnIndErr" type="java.lang.String"><![CDATA[0]]></Field>
	<Field name="OnDcnLogLevel" type="java.lang.String"><![CDATA[3]]></Field>
	<Field name="Pass" type="java.lang.String"><![CDATA[SE24TnoLtu0jspdXpmjfgw==]]></Field>
	<Field name="TgtParallelConfig" type="com.sunopsis.sql.DbInt"><![CDATA[1]]></Field>
	<Field name="UserName" type="java.lang.String"><![CDATA[DEV01_ODI_REPO_MW01]]></Field>
	<Field name="WsDeployMode" type="java.lang.String"><![CDATA[U]]></Field>
</Object>
<Object class="com.sunopsis.dwg.dbobj.SnpMtxt">
		<Field name="Enc" type="java.lang.String">null</Field>
	<Field name="EncKey" type="java.lang.String">null</Field>
	<Field name="EncKeyVect" type="java.lang.String">null</Field>
	<Field name="FullTxt" type="java.lang.String"><![CDATA[jdbc:oracle:thin:@10.193.106.10:1521:trod0o]]></Field>
	<Field name="GlobalId" type="java.lang.String"><![CDATA[2221b4c8-9f6a-48ef-91a4-6a0e4c021346]]></Field>
	<Field name="ITxt" type="com.sunopsis.sql.DbInt"><![CDATA[3515]]></Field>
	<Field name="ITxtOrig" type="com.sunopsis.sql.DbInt"><![CDATA[6]]></Field>
	<Field name="Txt" type="java.lang.String"><![CDATA[jdbc:oracle:thin:@10.193.106.10:1521:trod0o]]></Field>
</Object>
<Object class="com.sunopsis.dwg.dbobj.SnpContext">
		<Field name="ConfPassw" type="java.lang.String">null</Field>
	<Field name="ContextCode" type="java.lang.String"><![CDATA[ADELE_CTX]]></Field>
	<Field name="ContextName" type="java.lang.String"><![CDATA[ADELE_CTX]]></Field>
	<Field name="DefCont" type="java.lang.String"><![CDATA[0]]></Field>
	<Field name="ExtVersion" type="java.lang.String">null</Field>
	<Field name="FirstDate" type="java.sql.Timestamp"><![CDATA[2015-09-01 11:22:17.0]]></Field>
	<Field name="FirstUser" type="java.lang.String"><![CDATA[SAT9501]]></Field>
	<Field name="GlobalId" type="java.lang.String"><![CDATA[77823052-9694-481b-bb42-de2795a94168]]></Field>
	<Field name="IndChange" type="java.lang.String"><![CDATA[U]]></Field>
	<Field name="IntVersion" type="com.sunopsis.sql.DbInt"><![CDATA[7]]></Field>
	<Field name="IContext" type="com.sunopsis.sql.DbInt"><![CDATA[13]]></Field>
	<Field name="LastDate" type="java.sql.Timestamp"><![CDATA[2015-12-23 12:35:08.0]]></Field>
	<Field name="LastUser" type="java.lang.String"><![CDATA[G85JJTT]]></Field>
</Object>
<Object class="com.sunopsis.dwg.dbobj.SnpContext">
		<Field name="ConfPassw" type="java.lang.String">null</Field>
	<Field name="ContextCode" type="java.lang.String"><![CDATA[DEV01_9999]]></Field>
	<Field name="ContextName" type="java.lang.String"><![CDATA[DEV01_9999]]></Field>
	<Field name="DefCont" type="java.lang.String"><![CDATA[1]]></Field>
	<Field name="ExtVersion" type="java.lang.String">null</Field>
	<Field name="FirstDate" type="java.sql.Timestamp"><![CDATA[2015-07-13 09:08:21.0]]></Field>
	<Field name="FirstUser" type="java.lang.String"><![CDATA[SUPERVISOR]]></Field>
	<Field name="GlobalId" type="java.lang.String"><![CDATA[ab64110e-4ae2-4fe5-a472-e31106fb114f]]></Field>
	<Field name="IndChange" type="java.lang.String"><![CDATA[U]]></Field>
	<Field name="IntVersion" type="com.sunopsis.sql.DbInt"><![CDATA[14]]></Field>
	<Field name="IContext" type="com.sunopsis.sql.DbInt"><![CDATA[3]]></Field>
	<Field name="LastDate" type="java.sql.Timestamp"><![CDATA[2015-09-29 06:07:19.0]]></Field>
	<Field name="LastUser" type="java.lang.String"><![CDATA[SUPERVISOR]]></Field>
</Object>
<Object class="com.sunopsis.dwg.dbobj.SnpContext">
		<Field name="ConfPassw" type="java.lang.String">null</Field>
	<Field name="ContextCode" type="java.lang.String"><![CDATA[DEV01_9999_B]]></Field>
	<Field name="ContextName" type="java.lang.String"><![CDATA[DEV01_9999_B]]></Field>
	<Field name="DefCont" type="java.lang.String"><![CDATA[0]]></Field>
	<Field name="ExtVersion" type="java.lang.String">null</Field>
	<Field name="FirstDate" type="java.sql.Timestamp"><![CDATA[2015-10-14 13:46:12.0]]></Field>
	<Field name="FirstUser" type="java.lang.String"><![CDATA[SUPERVISOR]]></Field>
	<Field name="GlobalId" type="java.lang.String"><![CDATA[54edb6d5-b3e9-4e6f-b809-c85c44cfbb00]]></Field>
	<Field name="IndChange" type="java.lang.String"><![CDATA[U]]></Field>
	<Field name="IntVersion" type="com.sunopsis.sql.DbInt"><![CDATA[4]]></Field>
	<Field name="IContext" type="com.sunopsis.sql.DbInt"><![CDATA[33]]></Field>
	<Field name="LastDate" type="java.sql.Timestamp"><![CDATA[2015-11-10 15:04:44.0]]></Field>
	<Field name="LastUser" type="java.lang.String"><![CDATA[G856880]]></Field>
</Object>
<Object class="com.sunopsis.dwg.dbobj.SnpContext">
		<Field name="ConfPassw" type="java.lang.String">null</Field>
	<Field name="ContextCode" type="java.lang.String"><![CDATA[DEV02_9999]]></Field>
	<Field name="ContextName" type="java.lang.String"><![CDATA[DEV02_9999]]></Field>
	<Field name="DefCont" type="java.lang.String"><![CDATA[0]]></Field>
	<Field name="ExtVersion" type="java.lang.String">null</Field>
	<Field name="FirstDate" type="java.sql.Timestamp"><![CDATA[2015-12-22 16:50:40.0]]></Field>
	<Field name="FirstUser" type="java.lang.String"><![CDATA[G85JJTT]]></Field>
	<Field name="GlobalId" type="java.lang.String"><![CDATA[98ab279d-7a0d-444c-99c7-a3c25a127a48]]></Field>
	<Field name="IndChange" type="java.lang.String"><![CDATA[I]]></Field>
	<Field name="IntVersion" type="com.sunopsis.sql.DbInt"><![CDATA[1]]></Field>
	<Field name="IContext" type="com.sunopsis.sql.DbInt"><![CDATA[83]]></Field>
	<Field name="LastDate" type="java.sql.Timestamp"><![CDATA[2015-12-22 16:50:40.0]]></Field>
	<Field name="LastUser" type="java.lang.String"><![CDATA[G85JJTT]]></Field>
</Object>
<Object class="com.sunopsis.dwg.dbobj.SnpLschema">
		<Field name="ExtVersion" type="java.lang.String">null</Field>
	<Field name="FirstDate" type="java.sql.Timestamp"><![CDATA[2015-08-25 07:39:03.0]]></Field>
	<Field name="FirstUser" type="java.lang.String"><![CDATA[SUPERVISOR]]></Field>
	<Field name="GlobalId" type="java.lang.String"><![CDATA[7c6febbc-b3d0-4be6-af18-974c0da0a200]]></Field>
	<Field name="IndChange" type="java.lang.String"><![CDATA[I]]></Field>
	<Field name="IntVersion" type="com.sunopsis.sql.DbInt"><![CDATA[4]]></Field>
	<Field name="ILschema" type="com.sunopsis.sql.DbInt"><![CDATA[5]]></Field>
	<Field name="ITechno" type="com.sunopsis.sql.DbInt"><![CDATA[80]]></Field>
	<Field name="ITgtDbLs" type="com.sunopsis.sql.DbInt"><![CDATA[null]]></Field>
	<Field name="LastDate" type="java.sql.Timestamp"><![CDATA[2015-09-24 11:04:00.0]]></Field>
	<Field name="LastUser" type="java.lang.String"><![CDATA[SUPERVISOR]]></Field>
	<Field name="LschemaName" type="java.lang.String"><![CDATA[LDS_META]]></Field>
	<Field name="ProcessType" type="java.lang.String">null</Field>
</Object>
<Object class="com.sunopsis.dwg.dbobj.SnpLschema">
		<Field name="ExtVersion" type="java.lang.String">null</Field>
	<Field name="FirstDate" type="java.sql.Timestamp"><![CDATA[2015-08-25 07:40:53.0]]></Field>
	<Field name="FirstUser" type="java.lang.String"><![CDATA[SUPERVISOR]]></Field>
	<Field name="GlobalId" type="java.lang.String"><![CDATA[e3f3e84e-056c-487c-8c96-072b9f0c8d67]]></Field>
	<Field name="IndChange" type="java.lang.String"><![CDATA[I]]></Field>
	<Field name="IntVersion" type="com.sunopsis.sql.DbInt"><![CDATA[2]]></Field>
	<Field name="ILschema" type="com.sunopsis.sql.DbInt"><![CDATA[12]]></Field>
	<Field name="ITechno" type="com.sunopsis.sql.DbInt"><![CDATA[80]]></Field>
	<Field name="ITgtDbLs" type="com.sunopsis.sql.DbInt"><![CDATA[null]]></Field>
	<Field name="LastDate" type="java.sql.Timestamp"><![CDATA[2015-09-24 10:47:51.0]]></Field>
	<Field name="LastUser" type="java.lang.String"><![CDATA[SUPERVISOR]]></Field>
	<Field name="LschemaName" type="java.lang.String"><![CDATA[LDS_RUNTIME]]></Field>
	<Field name="ProcessType" type="java.lang.String">null</Field>
</Object>
<Object class="com.sunopsis.dwg.dbobj.SnpLschema">
		<Field name="ExtVersion" type="java.lang.String">null</Field>
	<Field name="FirstDate" type="java.sql.Timestamp"><![CDATA[2015-08-31 16:35:25.0]]></Field>
	<Field name="FirstUser" type="java.lang.String"><![CDATA[SUPERVISOR]]></Field>
	<Field name="GlobalId" type="java.lang.String"><![CDATA[12d18067-c5e5-4b6a-ad13-2b829625a680]]></Field>
	<Field name="IndChange" type="java.lang.String"><![CDATA[I]]></Field>
	<Field name="IntVersion" type="com.sunopsis.sql.DbInt"><![CDATA[4]]></Field>
	<Field name="ILschema" type="com.sunopsis.sql.DbInt"><![CDATA[24]]></Field>
	<Field name="ITechno" type="com.sunopsis.sql.DbInt"><![CDATA[80]]></Field>
	<Field name="ITgtDbLs" type="com.sunopsis.sql.DbInt"><![CDATA[null]]></Field>
	<Field name="LastDate" type="java.sql.Timestamp"><![CDATA[2015-09-24 10:47:51.0]]></Field>
	<Field name="LastUser" type="java.lang.String"><![CDATA[SUPERVISOR]]></Field>
	<Field name="LschemaName" type="java.lang.String"><![CDATA[ADELE_REPO]]></Field>
	<Field name="ProcessType" type="java.lang.String">null</Field>
</Object>
<Object class="com.sunopsis.dwg.dbobj.SnpLschema">
		<Field name="ExtVersion" type="java.lang.String">null</Field>
	<Field name="FirstDate" type="java.sql.Timestamp"><![CDATA[2015-09-01 11:22:17.0]]></Field>
	<Field name="FirstUser" type="java.lang.String"><![CDATA[SAT9501]]></Field>
	<Field name="GlobalId" type="java.lang.String"><![CDATA[a9077dca-123a-45af-a645-f5852d975701]]></Field>
	<Field name="IndChange" type="java.lang.String"><![CDATA[I]]></Field>
	<Field name="IntVersion" type="com.sunopsis.sql.DbInt"><![CDATA[2]]></Field>
	<Field name="ILschema" type="com.sunopsis.sql.DbInt"><![CDATA[35]]></Field>
	<Field name="ITechno" type="com.sunopsis.sql.DbInt"><![CDATA[80]]></Field>
	<Field name="ITgtDbLs" type="com.sunopsis.sql.DbInt"><![CDATA[null]]></Field>
	<Field name="LastDate" type="java.sql.Timestamp"><![CDATA[2015-09-24 10:47:51.0]]></Field>
	<Field name="LastUser" type="java.lang.String"><![CDATA[SUPERVISOR]]></Field>
	<Field name="LschemaName" type="java.lang.String"><![CDATA[JC_JOB_DEFINITIONS]]></Field>
	<Field name="ProcessType" type="java.lang.String">null</Field>
</Object>
<Object class="com.sunopsis.dwg.dbobj.SnpLschema">
		<Field name="ExtVersion" type="java.lang.String">null</Field>
	<Field name="FirstDate" type="java.sql.Timestamp"><![CDATA[2015-09-01 11:22:17.0]]></Field>
	<Field name="FirstUser" type="java.lang.String"><![CDATA[SAT9501]]></Field>
	<Field name="GlobalId" type="java.lang.String"><![CDATA[829fdc5a-0419-4d32-b941-4756760d3905]]></Field>
	<Field name="IndChange" type="java.lang.String"><![CDATA[I]]></Field>
	<Field name="IntVersion" type="com.sunopsis.sql.DbInt"><![CDATA[2]]></Field>
	<Field name="ILschema" type="com.sunopsis.sql.DbInt"><![CDATA[36]]></Field>
	<Field name="ITechno" type="com.sunopsis.sql.DbInt"><![CDATA[80]]></Field>
	<Field name="ITgtDbLs" type="com.sunopsis.sql.DbInt"><![CDATA[null]]></Field>
	<Field name="LastDate" type="java.sql.Timestamp"><![CDATA[2015-09-24 10:47:51.0]]></Field>
	<Field name="LastUser" type="java.lang.String"><![CDATA[SUPERVISOR]]></Field>
	<Field name="LschemaName" type="java.lang.String"><![CDATA[JC_JOB_LOGS]]></Field>
	<Field name="ProcessType" type="java.lang.String">null</Field>
</Object>
<Object class="com.sunopsis.dwg.dbobj.SnpLschema">
		<Field name="ExtVersion" type="java.lang.String">null</Field>
	<Field name="FirstDate" type="java.sql.Timestamp"><![CDATA[2015-09-01 11:22:17.0]]></Field>
	<Field name="FirstUser" type="java.lang.String"><![CDATA[SAT9501]]></Field>
	<Field name="GlobalId" type="java.lang.String"><![CDATA[5a7cebf3-3897-4bf6-8eff-748083f8aabe]]></Field>
	<Field name="IndChange" type="java.lang.String"><![CDATA[I]]></Field>
	<Field name="IntVersion" type="com.sunopsis.sql.DbInt"><![CDATA[2]]></Field>
	<Field name="ILschema" type="com.sunopsis.sql.DbInt"><![CDATA[37]]></Field>
	<Field name="ITechno" type="com.sunopsis.sql.DbInt"><![CDATA[80]]></Field>
	<Field name="ITgtDbLs" type="com.sunopsis.sql.DbInt"><![CDATA[null]]></Field>
	<Field name="LastDate" type="java.sql.Timestamp"><![CDATA[2015-09-24 10:47:51.0]]></Field>
	<Field name="LastUser" type="java.lang.String"><![CDATA[SUPERVISOR]]></Field>
	<Field name="LschemaName" type="java.lang.String"><![CDATA[JC_SETTINGS]]></Field>
	<Field name="ProcessType" type="java.lang.String">null</Field>
</Object>
<Object class="com.sunopsis.dwg.dbobj.SnpLschema">
		<Field name="ExtVersion" type="java.lang.String">null</Field>
	<Field name="FirstDate" type="java.sql.Timestamp"><![CDATA[2015-09-01 11:22:17.0]]></Field>
	<Field name="FirstUser" type="java.lang.String"><![CDATA[SAT9501]]></Field>
	<Field name="GlobalId" type="java.lang.String"><![CDATA[511210c0-ed53-425d-be83-140d4b790a64]]></Field>
	<Field name="IndChange" type="java.lang.String"><![CDATA[I]]></Field>
	<Field name="IntVersion" type="com.sunopsis.sql.DbInt"><![CDATA[2]]></Field>
	<Field name="ILschema" type="com.sunopsis.sql.DbInt"><![CDATA[34]]></Field>
	<Field name="ITechno" type="com.sunopsis.sql.DbInt"><![CDATA[80]]></Field>
	<Field name="ITgtDbLs" type="com.sunopsis.sql.DbInt"><![CDATA[null]]></Field>
	<Field name="LastDate" type="java.sql.Timestamp"><![CDATA[2015-09-24 10:47:51.0]]></Field>
	<Field name="LastUser" type="java.lang.String"><![CDATA[SUPERVISOR]]></Field>
	<Field name="LschemaName" type="java.lang.String"><![CDATA[JC_ODI_MASTER]]></Field>
	<Field name="ProcessType" type="java.lang.String">null</Field>
</Object>
<Object class="com.sunopsis.dwg.dbobj.SnpPschema">
		<Field name="AdditionalOption" type="java.lang.String">null</Field>
	<Field name="CatalogName" type="java.lang.String">null</Field>
	<Field name="ColPrfTab" type="java.lang.String"><![CDATA[C$_]]></Field>
	<Field name="CountFreqUnit" type="java.lang.String">null</Field>
	<Field name="DblogRdBuffsz" type="com.sunopsis.sql.DbInt"><![CDATA[null]]></Field>
	<Field name="DefConPschema" type="java.lang.String"><![CDATA[0]]></Field>
	<Field name="DefFilePath" type="java.lang.String">null</Field>
	<Field name="DiscardFilePath" type="java.lang.String">null</Field>
	<Field name="ErrPrfTab" type="java.lang.String"><![CDATA[E$_]]></Field>
	<Field name="ExtName" type="java.lang.String"><![CDATA[ORACLE_DROD1D.O_LDS_META]]></Field>
	<Field name="ExtVersion" type="java.lang.String">null</Field>
	<Field name="FirstDate" type="java.sql.Timestamp"><![CDATA[2015-08-25 07:34:07.0]]></Field>
	<Field name="FirstUser" type="java.lang.String"><![CDATA[SUPERVISOR]]></Field>
	<Field name="GlobalId" type="java.lang.String"><![CDATA[986bf130-3013-499a-b119-9bfa6cf5c7ee]]></Field>
	<Field name="IdxPrfTab" type="java.lang.String"><![CDATA[IX$_]]></Field>
	<Field name="IndChange" type="java.lang.String"><![CDATA[U]]></Field>
	<Field name="IntPrfTab" type="java.lang.String"><![CDATA[I$_]]></Field>
	<Field name="IntVersion" type="com.sunopsis.sql.DbInt"><![CDATA[7]]></Field>
	<Field name="IConnect" type="com.sunopsis.sql.DbInt"><![CDATA[17]]></Field>
	<Field name="IPschema" type="com.sunopsis.sql.DbInt"><![CDATA[4]]></Field>
	<Field name="ITargetPschema" type="com.sunopsis.sql.DbInt"><![CDATA[null]]></Field>
	<Field name="JrnPrfTab" type="java.lang.String"><![CDATA[J$]]></Field>
	<Field name="JrnPrfTrg" type="java.lang.String"><![CDATA[T$]]></Field>
	<Field name="JrnPrfVie" type="java.lang.String"><![CDATA[JV$]]></Field>
	<Field name="LastDate" type="java.sql.Timestamp"><![CDATA[2015-08-31 16:41:01.0]]></Field>
	<Field name="LastUser" type="java.lang.String"><![CDATA[SUPERVISOR]]></Field>
	<Field name="LocObjPattern" type="java.lang.String"><![CDATA[%SCHEMA.%OBJECT]]></Field>
	<Field name="LocSeqCurrPattern" type="java.lang.String"><![CDATA[%SCHEMA.%OBJECT.currval]]></Field>
	<Field name="LocSeqPattern" type="java.lang.String"><![CDATA[%SCHEMA.%OBJECT.nextval]]></Field>
	<Field name="LtrailFilePath" type="java.lang.String">null</Field>
	<Field name="PartPattern" type="java.lang.String"><![CDATA[%SCHEMA.%OBJECT PARTITION(%PARTITION)]]></Field>
	<Field name="Passthru" type="java.lang.String">null</Field>
	<Field name="ProcessType" type="java.lang.String">null</Field>
	<Field name="RemObjPattern" type="java.lang.String"><![CDATA[%SCHEMA.%OBJECT@%DSERVER]]></Field>
	<Field name="RemSeqCurrPattern" type="java.lang.String"><![CDATA[%SCHEMA.%OBJECT.currval@%DSERVER]]></Field>
	<Field name="RemSeqPattern" type="java.lang.String"><![CDATA[%SCHEMA.%OBJECT.nextval@%DSERVER]]></Field>
	<Field name="ReportCountFreq" type="com.sunopsis.sql.DbInt"><![CDATA[null]]></Field>
	<Field name="ReportDetail" type="java.lang.String">null</Field>
	<Field name="ReportFetch" type="java.lang.String">null</Field>
	<Field name="RmttrailFilePath" type="java.lang.String">null</Field>
	<Field name="SchemaName" type="java.lang.String"><![CDATA[O_LDS_META]]></Field>
	<Field name="SubPartPattern" type="java.lang.String"><![CDATA[%SCHEMA.%OBJECT SUBPARTITION(%PARTITION)]]></Field>
	<Field name="TargetDups" type="java.lang.String">null</Field>
	<Field name="TrailFileSize" type="com.sunopsis.sql.DbInt"><![CDATA[null]]></Field>
	<Field name="UnqCharSpec" type="java.lang.String"><![CDATA[BASE38]]></Field>
	<Field name="WcatalogName" type="java.lang.String">null</Field>
	<Field name="WschemaName" type="java.lang.String"><![CDATA[R_ODIJOB]]></Field>
</Object>
<Object class="com.sunopsis.dwg.dbobj.SnpPschema">
		<Field name="AdditionalOption" type="java.lang.String">null</Field>
	<Field name="CatalogName" type="java.lang.String">null</Field>
	<Field name="ColPrfTab" type="java.lang.String"><![CDATA[C$_]]></Field>
	<Field name="CountFreqUnit" type="java.lang.String">null</Field>
	<Field name="DblogRdBuffsz" type="com.sunopsis.sql.DbInt"><![CDATA[null]]></Field>
	<Field name="DefConPschema" type="java.lang.String"><![CDATA[0]]></Field>
	<Field name="DefFilePath" type="java.lang.String">null</Field>
	<Field name="DiscardFilePath" type="java.lang.String">null</Field>
	<Field name="ErrPrfTab" type="java.lang.String"><![CDATA[E$_]]></Field>
	<Field name="ExtName" type="java.lang.String"><![CDATA[ORACLE_DROD1D.O_LDS_RUNTIME]]></Field>
	<Field name="ExtVersion" type="java.lang.String">null</Field>
	<Field name="FirstDate" type="java.sql.Timestamp"><![CDATA[2015-08-25 07:36:09.0]]></Field>
	<Field name="FirstUser" type="java.lang.String"><![CDATA[SUPERVISOR]]></Field>
	<Field name="GlobalId" type="java.lang.String"><![CDATA[255ef46b-2fbd-4cc7-87ec-d2e6541dc515]]></Field>
	<Field name="IdxPrfTab" type="java.lang.String"><![CDATA[IX$_]]></Field>
	<Field name="IndChange" type="java.lang.String"><![CDATA[U]]></Field>
	<Field name="IntPrfTab" type="java.lang.String"><![CDATA[I$_]]></Field>
	<Field name="IntVersion" type="com.sunopsis.sql.DbInt"><![CDATA[3]]></Field>
	<Field name="IConnect" type="com.sunopsis.sql.DbInt"><![CDATA[17]]></Field>
	<Field name="IPschema" type="com.sunopsis.sql.DbInt"><![CDATA[11]]></Field>
	<Field name="ITargetPschema" type="com.sunopsis.sql.DbInt"><![CDATA[null]]></Field>
	<Field name="JrnPrfTab" type="java.lang.String"><![CDATA[J$]]></Field>
	<Field name="JrnPrfTrg" type="java.lang.String"><![CDATA[T$]]></Field>
	<Field name="JrnPrfVie" type="java.lang.String"><![CDATA[JV$]]></Field>
	<Field name="LastDate" type="java.sql.Timestamp"><![CDATA[2015-08-31 16:41:31.0]]></Field>
	<Field name="LastUser" type="java.lang.String"><![CDATA[SUPERVISOR]]></Field>
	<Field name="LocObjPattern" type="java.lang.String"><![CDATA[%SCHEMA.%OBJECT]]></Field>
	<Field name="LocSeqCurrPattern" type="java.lang.String"><![CDATA[%SCHEMA.%OBJECT.currval]]></Field>
	<Field name="LocSeqPattern" type="java.lang.String"><![CDATA[%SCHEMA.%OBJECT.nextval]]></Field>
	<Field name="LtrailFilePath" type="java.lang.String">null</Field>
	<Field name="PartPattern" type="java.lang.String"><![CDATA[%SCHEMA.%OBJECT PARTITION(%PARTITION)]]></Field>
	<Field name="Passthru" type="java.lang.String">null</Field>
	<Field name="ProcessType" type="java.lang.String">null</Field>
	<Field name="RemObjPattern" type="java.lang.String"><![CDATA[%SCHEMA.%OBJECT@%DSERVER]]></Field>
	<Field name="RemSeqCurrPattern" type="java.lang.String"><![CDATA[%SCHEMA.%OBJECT.currval@%DSERVER]]></Field>
	<Field name="RemSeqPattern" type="java.lang.String"><![CDATA[%SCHEMA.%OBJECT.nextval@%DSERVER]]></Field>
	<Field name="ReportCountFreq" type="com.sunopsis.sql.DbInt"><![CDATA[null]]></Field>
	<Field name="ReportDetail" type="java.lang.String">null</Field>
	<Field name="ReportFetch" type="java.lang.String">null</Field>
	<Field name="RmttrailFilePath" type="java.lang.String">null</Field>
	<Field name="SchemaName" type="java.lang.String"><![CDATA[O_LDS_RUNTIME]]></Field>
	<Field name="SubPartPattern" type="java.lang.String"><![CDATA[%SCHEMA.%OBJECT SUBPARTITION(%PARTITION)]]></Field>
	<Field name="TargetDups" type="java.lang.String">null</Field>
	<Field name="TrailFileSize" type="com.sunopsis.sql.DbInt"><![CDATA[null]]></Field>
	<Field name="UnqCharSpec" type="java.lang.String"><![CDATA[BASE38]]></Field>
	<Field name="WcatalogName" type="java.lang.String">null</Field>
	<Field name="WschemaName" type="java.lang.String"><![CDATA[R_ODIJOB]]></Field>
</Object>
<Object class="com.sunopsis.dwg.dbobj.SnpPschema">
		<Field name="AdditionalOption" type="java.lang.String">null</Field>
	<Field name="CatalogName" type="java.lang.String">null</Field>
	<Field name="ColPrfTab" type="java.lang.String"><![CDATA[C$_]]></Field>
	<Field name="CountFreqUnit" type="java.lang.String">null</Field>
	<Field name="DblogRdBuffsz" type="com.sunopsis.sql.DbInt"><![CDATA[null]]></Field>
	<Field name="DefConPschema" type="java.lang.String"><![CDATA[1]]></Field>
	<Field name="DefFilePath" type="java.lang.String">null</Field>
	<Field name="DiscardFilePath" type="java.lang.String">null</Field>
	<Field name="ErrPrfTab" type="java.lang.String"><![CDATA[E$_]]></Field>
	<Field name="ExtName" type="java.lang.String"><![CDATA[ORACLE_TROD0O.O_LDS_ADELE]]></Field>
	<Field name="ExtVersion" type="java.lang.String">null</Field>
	<Field name="FirstDate" type="java.sql.Timestamp"><![CDATA[2015-08-31 16:34:35.0]]></Field>
	<Field name="FirstUser" type="java.lang.String"><![CDATA[SUPERVISOR]]></Field>
	<Field name="GlobalId" type="java.lang.String"><![CDATA[ce5f2fd8-4428-4599-b644-84139686241b]]></Field>
	<Field name="IdxPrfTab" type="java.lang.String"><![CDATA[IX$_]]></Field>
	<Field name="IndChange" type="java.lang.String"><![CDATA[U]]></Field>
	<Field name="IntPrfTab" type="java.lang.String"><![CDATA[I$_]]></Field>
	<Field name="IntVersion" type="com.sunopsis.sql.DbInt"><![CDATA[3]]></Field>
	<Field name="IConnect" type="com.sunopsis.sql.DbInt"><![CDATA[27]]></Field>
	<Field name="IPschema" type="com.sunopsis.sql.DbInt"><![CDATA[24]]></Field>
	<Field name="ITargetPschema" type="com.sunopsis.sql.DbInt"><![CDATA[null]]></Field>
	<Field name="JrnPrfTab" type="java.lang.String"><![CDATA[J$]]></Field>
	<Field name="JrnPrfTrg" type="java.lang.String"><![CDATA[T$]]></Field>
	<Field name="JrnPrfVie" type="java.lang.String"><![CDATA[JV$]]></Field>
	<Field name="LastDate" type="java.sql.Timestamp"><![CDATA[2015-08-31 16:34:36.0]]></Field>
	<Field name="LastUser" type="java.lang.String"><![CDATA[SUPERVISOR]]></Field>
	<Field name="LocObjPattern" type="java.lang.String"><![CDATA[%SCHEMA.%OBJECT]]></Field>
	<Field name="LocSeqCurrPattern" type="java.lang.String"><![CDATA[%SCHEMA.%OBJECT.currval]]></Field>
	<Field name="LocSeqPattern" type="java.lang.String"><![CDATA[%SCHEMA.%OBJECT.nextval]]></Field>
	<Field name="LtrailFilePath" type="java.lang.String">null</Field>
	<Field name="PartPattern" type="java.lang.String"><![CDATA[%SCHEMA.%OBJECT PARTITION(%PARTITION)]]></Field>
	<Field name="Passthru" type="java.lang.String">null</Field>
	<Field name="ProcessType" type="java.lang.String">null</Field>
	<Field name="RemObjPattern" type="java.lang.String"><![CDATA[%SCHEMA.%OBJECT@%DSERVER]]></Field>
	<Field name="RemSeqCurrPattern" type="java.lang.String"><![CDATA[%SCHEMA.%OBJECT.currval@%DSERVER]]></Field>
	<Field name="RemSeqPattern" type="java.lang.String"><![CDATA[%SCHEMA.%OBJECT.nextval@%DSERVER]]></Field>
	<Field name="ReportCountFreq" type="com.sunopsis.sql.DbInt"><![CDATA[null]]></Field>
	<Field name="ReportDetail" type="java.lang.String">null</Field>
	<Field name="ReportFetch" type="java.lang.String">null</Field>
	<Field name="RmttrailFilePath" type="java.lang.String">null</Field>
	<Field name="SchemaName" type="java.lang.String"><![CDATA[O_LDS_ADELE]]></Field>
	<Field name="SubPartPattern" type="java.lang.String"><![CDATA[%SCHEMA.%OBJECT SUBPARTITION(%PARTITION)]]></Field>
	<Field name="TargetDups" type="java.lang.String">null</Field>
	<Field name="TrailFileSize" type="com.sunopsis.sql.DbInt"><![CDATA[null]]></Field>
	<Field name="UnqCharSpec" type="java.lang.String"><![CDATA[BASE38]]></Field>
	<Field name="WcatalogName" type="java.lang.String">null</Field>
	<Field name="WschemaName" type="java.lang.String"><![CDATA[R_ODIJOB]]></Field>
</Object>
<Object class="com.sunopsis.dwg.dbobj.SnpPschema">
		<Field name="AdditionalOption" type="java.lang.String">null</Field>
	<Field name="CatalogName" type="java.lang.String">null</Field>
	<Field name="ColPrfTab" type="java.lang.String"><![CDATA[C$_]]></Field>
	<Field name="CountFreqUnit" type="java.lang.String">null</Field>
	<Field name="DblogRdBuffsz" type="com.sunopsis.sql.DbInt"><![CDATA[null]]></Field>
	<Field name="DefConPschema" type="java.lang.String"><![CDATA[0]]></Field>
	<Field name="DefFilePath" type="java.lang.String">null</Field>
	<Field name="DiscardFilePath" type="java.lang.String">null</Field>
	<Field name="ErrPrfTab" type="java.lang.String"><![CDATA[E$_]]></Field>
	<Field name="ExtName" type="java.lang.String"><![CDATA[ORACLE_DROD1D.O_LDS_ADELE]]></Field>
	<Field name="ExtVersion" type="java.lang.String">null</Field>
	<Field name="FirstDate" type="java.sql.Timestamp"><![CDATA[2015-08-31 16:31:42.0]]></Field>
	<Field name="FirstUser" type="java.lang.String"><![CDATA[SUPERVISOR]]></Field>
	<Field name="GlobalId" type="java.lang.String"><![CDATA[b9819850-5834-496a-84a5-eaf49b9b6c6e]]></Field>
	<Field name="IdxPrfTab" type="java.lang.String"><![CDATA[IX$_]]></Field>
	<Field name="IndChange" type="java.lang.String"><![CDATA[U]]></Field>
	<Field name="IntPrfTab" type="java.lang.String"><![CDATA[I$_]]></Field>
	<Field name="IntVersion" type="com.sunopsis.sql.DbInt"><![CDATA[3]]></Field>
	<Field name="IConnect" type="com.sunopsis.sql.DbInt"><![CDATA[17]]></Field>
	<Field name="IPschema" type="com.sunopsis.sql.DbInt"><![CDATA[23]]></Field>
	<Field name="ITargetPschema" type="com.sunopsis.sql.DbInt"><![CDATA[null]]></Field>
	<Field name="JrnPrfTab" type="java.lang.String"><![CDATA[J$]]></Field>
	<Field name="JrnPrfTrg" type="java.lang.String"><![CDATA[T$]]></Field>
	<Field name="JrnPrfVie" type="java.lang.String"><![CDATA[JV$]]></Field>
	<Field name="LastDate" type="java.sql.Timestamp"><![CDATA[2015-08-31 16:36:20.0]]></Field>
	<Field name="LastUser" type="java.lang.String"><![CDATA[SUPERVISOR]]></Field>
	<Field name="LocObjPattern" type="java.lang.String"><![CDATA[%SCHEMA.%OBJECT]]></Field>
	<Field name="LocSeqCurrPattern" type="java.lang.String"><![CDATA[%SCHEMA.%OBJECT.currval]]></Field>
	<Field name="LocSeqPattern" type="java.lang.String"><![CDATA[%SCHEMA.%OBJECT.nextval]]></Field>
	<Field name="LtrailFilePath" type="java.lang.String">null</Field>
	<Field name="PartPattern" type="java.lang.String"><![CDATA[%SCHEMA.%OBJECT PARTITION(%PARTITION)]]></Field>
	<Field name="Passthru" type="java.lang.String">null</Field>
	<Field name="ProcessType" type="java.lang.String">null</Field>
	<Field name="RemObjPattern" type="java.lang.String"><![CDATA[%SCHEMA.%OBJECT@%DSERVER]]></Field>
	<Field name="RemSeqCurrPattern" type="java.lang.String"><![CDATA[%SCHEMA.%OBJECT.currval@%DSERVER]]></Field>
	<Field name="RemSeqPattern" type="java.lang.String"><![CDATA[%SCHEMA.%OBJECT.nextval@%DSERVER]]></Field>
	<Field name="ReportCountFreq" type="com.sunopsis.sql.DbInt"><![CDATA[null]]></Field>
	<Field name="ReportDetail" type="java.lang.String">null</Field>
	<Field name="ReportFetch" type="java.lang.String">null</Field>
	<Field name="RmttrailFilePath" type="java.lang.String">null</Field>
	<Field name="SchemaName" type="java.lang.String"><![CDATA[O_LDS_ADELE]]></Field>
	<Field name="SubPartPattern" type="java.lang.String"><![CDATA[%SCHEMA.%OBJECT SUBPARTITION(%PARTITION)]]></Field>
	<Field name="TargetDups" type="java.lang.String">null</Field>
	<Field name="TrailFileSize" type="com.sunopsis.sql.DbInt"><![CDATA[null]]></Field>
	<Field name="UnqCharSpec" type="java.lang.String"><![CDATA[BASE38]]></Field>
	<Field name="WcatalogName" type="java.lang.String">null</Field>
	<Field name="WschemaName" type="java.lang.String"><![CDATA[R_ODIJOB]]></Field>
</Object>
<Object class="com.sunopsis.dwg.dbobj.SnpPschema">
		<Field name="AdditionalOption" type="java.lang.String">null</Field>
	<Field name="CatalogName" type="java.lang.String">null</Field>
	<Field name="ColPrfTab" type="java.lang.String"><![CDATA[C$_]]></Field>
	<Field name="CountFreqUnit" type="java.lang.String">null</Field>
	<Field name="DblogRdBuffsz" type="com.sunopsis.sql.DbInt"><![CDATA[null]]></Field>
	<Field name="DefConPschema" type="java.lang.String"><![CDATA[0]]></Field>
	<Field name="DefFilePath" type="java.lang.String">null</Field>
	<Field name="DiscardFilePath" type="java.lang.String">null</Field>
	<Field name="ErrPrfTab" type="java.lang.String"><![CDATA[E$_]]></Field>
	<Field name="ExtName" type="java.lang.String"><![CDATA[ORACLE_TROD0O.DEV01_ODI_REPO_MW01]]></Field>
	<Field name="ExtVersion" type="java.lang.String">null</Field>
	<Field name="FirstDate" type="java.sql.Timestamp"><![CDATA[2015-09-03 12:53:54.0]]></Field>
	<Field name="FirstUser" type="java.lang.String"><![CDATA[G856880]]></Field>
	<Field name="GlobalId" type="java.lang.String"><![CDATA[34dfc55e-f288-4bec-8b9c-9f54774c2b68]]></Field>
	<Field name="IdxPrfTab" type="java.lang.String"><![CDATA[IX$_]]></Field>
	<Field name="IndChange" type="java.lang.String"><![CDATA[I]]></Field>
	<Field name="IntPrfTab" type="java.lang.String"><![CDATA[I$_]]></Field>
	<Field name="IntVersion" type="com.sunopsis.sql.DbInt"><![CDATA[1]]></Field>
	<Field name="IConnect" type="com.sunopsis.sql.DbInt"><![CDATA[27]]></Field>
	<Field name="IPschema" type="com.sunopsis.sql.DbInt"><![CDATA[37]]></Field>
	<Field name="ITargetPschema" type="com.sunopsis.sql.DbInt"><![CDATA[null]]></Field>
	<Field name="JrnPrfTab" type="java.lang.String"><![CDATA[J$]]></Field>
	<Field name="JrnPrfTrg" type="java.lang.String"><![CDATA[T$]]></Field>
	<Field name="JrnPrfVie" type="java.lang.String"><![CDATA[JV$]]></Field>
	<Field name="LastDate" type="java.sql.Timestamp"><![CDATA[2015-09-03 12:53:54.0]]></Field>
	<Field name="LastUser" type="java.lang.String"><![CDATA[G856880]]></Field>
	<Field name="LocObjPattern" type="java.lang.String"><![CDATA[%SCHEMA.%OBJECT]]></Field>
	<Field name="LocSeqCurrPattern" type="java.lang.String"><![CDATA[%SCHEMA.%OBJECT.currval]]></Field>
	<Field name="LocSeqPattern" type="java.lang.String"><![CDATA[%SCHEMA.%OBJECT.nextval]]></Field>
	<Field name="LtrailFilePath" type="java.lang.String">null</Field>
	<Field name="PartPattern" type="java.lang.String"><![CDATA[%SCHEMA.%OBJECT PARTITION(%PARTITION)]]></Field>
	<Field name="Passthru" type="java.lang.String">null</Field>
	<Field name="ProcessType" type="java.lang.String">null</Field>
	<Field name="RemObjPattern" type="java.lang.String"><![CDATA[%SCHEMA.%OBJECT@%DSERVER]]></Field>
	<Field name="RemSeqCurrPattern" type="java.lang.String"><![CDATA[%SCHEMA.%OBJECT.currval@%DSERVER]]></Field>
	<Field name="RemSeqPattern" type="java.lang.String"><![CDATA[%SCHEMA.%OBJECT.nextval@%DSERVER]]></Field>
	<Field name="ReportCountFreq" type="com.sunopsis.sql.DbInt"><![CDATA[null]]></Field>
	<Field name="ReportDetail" type="java.lang.String">null</Field>
	<Field name="ReportFetch" type="java.lang.String">null</Field>
	<Field name="RmttrailFilePath" type="java.lang.String">null</Field>
	<Field name="SchemaName" type="java.lang.String"><![CDATA[DEV01_ODI_REPO_MW01]]></Field>
	<Field name="SubPartPattern" type="java.lang.String"><![CDATA[%SCHEMA.%OBJECT SUBPARTITION(%PARTITION)]]></Field>
	<Field name="TargetDups" type="java.lang.String">null</Field>
	<Field name="TrailFileSize" type="com.sunopsis.sql.DbInt"><![CDATA[null]]></Field>
	<Field name="UnqCharSpec" type="java.lang.String"><![CDATA[BASE38]]></Field>
	<Field name="WcatalogName" type="java.lang.String">null</Field>
	<Field name="WschemaName" type="java.lang.String"><![CDATA[DEV01_ODI_REPO_MW01]]></Field>
</Object>
<Object class="com.sunopsis.dwg.dbobj.SnpPschemaCont">
		<Field name="FirstDate" type="java.sql.Timestamp"><![CDATA[2015-12-23 12:35:08.0]]></Field>
	<Field name="FirstUser" type="java.lang.String"><![CDATA[G85JJTT]]></Field>
	<Field name="GlobalId" type="java.lang.String"><![CDATA[dfa22445-55ce-4dfb-9a46-6cd2b43b9fb9]]></Field>
	<Field name="IntVersion" type="com.sunopsis.sql.DbInt"><![CDATA[1]]></Field>
	<Field name="IContext" type="com.sunopsis.sql.DbInt"><![CDATA[13]]></Field>
	<Field name="ILschema" type="com.sunopsis.sql.DbInt"><![CDATA[5]]></Field>
	<Field name="IPschema" type="com.sunopsis.sql.DbInt"><![CDATA[4]]></Field>
	<Field name="LastDate" type="java.sql.Timestamp"><![CDATA[2015-12-23 12:35:08.0]]></Field>
	<Field name="LastUser" type="java.lang.String"><![CDATA[G85JJTT]]></Field>
</Object>
<Object class="com.sunopsis.dwg.dbobj.SnpReferencedObject">
		<Field name="IObject" type="com.sunopsis.sql.DbInt"><![CDATA[1500]]></Field>
	<Field name="ObjectPKasString" type="java.lang.String"><![CDATA[4]]></Field>
	<Field name="ObjectAKasString" type="java.lang.String"><![CDATA[17##O_LDS_META]]></Field>
	<Field name="Description" type="java.lang.String"><![CDATA[SNP_TECHNO : Oracle #SNP_CONNECT : ORACLE_DROD1D #SNP_PSCHEMA : ORACLE_DROD1D.O_LDS_META]]></Field>
 <Field name="GlobalId" type="java.lang.String"><![CDATA[986bf130-3013-499a-b119-9bfa6cf5c7ee]]></Field>
</Object>
<Object class="com.sunopsis.dwg.dbobj.SnpReferencedObject">
		<Field name="IObject" type="com.sunopsis.sql.DbInt"><![CDATA[1700]]></Field>
	<Field name="ObjectPKasString" type="java.lang.String"><![CDATA[13]]></Field>
	<Field name="ObjectAKasString" type="java.lang.String"><![CDATA[ADELE_CTX]]></Field>
	<Field name="Description" type="java.lang.String"><![CDATA[SNP_CONTEXT : ADELE_CTX]]></Field>
 <Field name="GlobalId" type="java.lang.String"><![CDATA[77823052-9694-481b-bb42-de2795a94168]]></Field>
</Object>
<Object class="com.sunopsis.dwg.dbobj.SnpReferencedObject">
		<Field name="IObject" type="com.sunopsis.sql.DbInt"><![CDATA[2100]]></Field>
	<Field name="ObjectPKasString" type="java.lang.String"><![CDATA[5]]></Field>
	<Field name="ObjectAKasString" type="java.lang.String"><![CDATA[LDS_META]]></Field>
	<Field name="Description" type="java.lang.String"><![CDATA[SNP_TECHNO : Oracle #SNP_LSCHEMA : LDS_META]]></Field>
 <Field name="GlobalId" type="java.lang.String"><![CDATA[7c6febbc-b3d0-4be6-af18-974c0da0a200]]></Field>
</Object>
<Object class="com.sunopsis.dwg.dbobj.SnpPschemaCont">
		<Field name="FirstDate" type="java.sql.Timestamp"><![CDATA[2015-09-29 06:02:53.0]]></Field>
	<Field name="FirstUser" type="java.lang.String"><![CDATA[SUPERVISOR]]></Field>
	<Field name="GlobalId" type="java.lang.String"><![CDATA[2a349d85-91f6-44ae-9c31-5cd2cd1c72e4]]></Field>
	<Field name="IntVersion" type="com.sunopsis.sql.DbInt"><![CDATA[3]]></Field>
	<Field name="IContext" type="com.sunopsis.sql.DbInt"><![CDATA[3]]></Field>
	<Field name="ILschema" type="com.sunopsis.sql.DbInt"><![CDATA[5]]></Field>
	<Field name="IPschema" type="com.sunopsis.sql.DbInt"><![CDATA[4]]></Field>
	<Field name="LastDate" type="java.sql.Timestamp"><![CDATA[2015-09-29 06:04:34.0]]></Field>
	<Field name="LastUser" type="java.lang.String"><![CDATA[SUPERVISOR]]></Field>
</Object>
<Object class="com.sunopsis.dwg.dbobj.SnpReferencedObject">
		<Field name="IObject" type="com.sunopsis.sql.DbInt"><![CDATA[1500]]></Field>
	<Field name="ObjectPKasString" type="java.lang.String"><![CDATA[4]]></Field>
	<Field name="ObjectAKasString" type="java.lang.String"><![CDATA[17##O_LDS_META]]></Field>
	<Field name="Description" type="java.lang.String"><![CDATA[SNP_TECHNO : Oracle #SNP_CONNECT : ORACLE_DROD1D #SNP_PSCHEMA : ORACLE_DROD1D.O_LDS_META]]></Field>
 <Field name="GlobalId" type="java.lang.String"><![CDATA[986bf130-3013-499a-b119-9bfa6cf5c7ee]]></Field>
</Object>
<Object class="com.sunopsis.dwg.dbobj.SnpReferencedObject">
		<Field name="IObject" type="com.sunopsis.sql.DbInt"><![CDATA[1700]]></Field>
	<Field name="ObjectPKasString" type="java.lang.String"><![CDATA[3]]></Field>
	<Field name="ObjectAKasString" type="java.lang.String"><![CDATA[DEV01_9999]]></Field>
	<Field name="Description" type="java.lang.String"><![CDATA[SNP_CONTEXT : DEV01_9999]]></Field>
 <Field name="GlobalId" type="java.lang.String"><![CDATA[ab64110e-4ae2-4fe5-a472-e31106fb114f]]></Field>
</Object>
<Object class="com.sunopsis.dwg.dbobj.SnpReferencedObject">
		<Field name="IObject" type="com.sunopsis.sql.DbInt"><![CDATA[2100]]></Field>
	<Field name="ObjectPKasString" type="java.lang.String"><![CDATA[5]]></Field>
	<Field name="ObjectAKasString" type="java.lang.String"><![CDATA[LDS_META]]></Field>
	<Field name="Description" type="java.lang.String"><![CDATA[SNP_TECHNO : Oracle #SNP_LSCHEMA : LDS_META]]></Field>
 <Field name="GlobalId" type="java.lang.String"><![CDATA[7c6febbc-b3d0-4be6-af18-974c0da0a200]]></Field>
</Object>
<Object class="com.sunopsis.dwg.dbobj.SnpPschemaCont">
		<Field name="FirstDate" type="java.sql.Timestamp"><![CDATA[2015-10-14 13:46:12.0]]></Field>
	<Field name="FirstUser" type="java.lang.String"><![CDATA[SUPERVISOR]]></Field>
	<Field name="GlobalId" type="java.lang.String"><![CDATA[f5e23100-d849-409e-9b30-72a5c07c4c63]]></Field>
	<Field name="IntVersion" type="com.sunopsis.sql.DbInt"><![CDATA[3]]></Field>
	<Field name="IContext" type="com.sunopsis.sql.DbInt"><![CDATA[33]]></Field>
	<Field name="ILschema" type="com.sunopsis.sql.DbInt"><![CDATA[5]]></Field>
	<Field name="IPschema" type="com.sunopsis.sql.DbInt"><![CDATA[4]]></Field>
	<Field name="LastDate" type="java.sql.Timestamp"><![CDATA[2015-11-10 15:04:44.0]]></Field>
	<Field name="LastUser" type="java.lang.String"><![CDATA[G856880]]></Field>
</Object>
<Object class="com.sunopsis.dwg.dbobj.SnpReferencedObject">
		<Field name="IObject" type="com.sunopsis.sql.DbInt"><![CDATA[1500]]></Field>
	<Field name="ObjectPKasString" type="java.lang.String"><![CDATA[4]]></Field>
	<Field name="ObjectAKasString" type="java.lang.String"><![CDATA[17##O_LDS_META]]></Field>
	<Field name="Description" type="java.lang.String"><![CDATA[SNP_TECHNO : Oracle #SNP_CONNECT : ORACLE_DROD1D #SNP_PSCHEMA : ORACLE_DROD1D.O_LDS_META]]></Field>
 <Field name="GlobalId" type="java.lang.String"><![CDATA[986bf130-3013-499a-b119-9bfa6cf5c7ee]]></Field>
</Object>
<Object class="com.sunopsis.dwg.dbobj.SnpReferencedObject">
		<Field name="IObject" type="com.sunopsis.sql.DbInt"><![CDATA[1700]]></Field>
	<Field name="ObjectPKasString" type="java.lang.String"><![CDATA[33]]></Field>
	<Field name="ObjectAKasString" type="java.lang.String"><![CDATA[DEV01_9999_B]]></Field>
	<Field name="Description" type="java.lang.String"><![CDATA[SNP_CONTEXT : DEV01_9999_B]]></Field>
 <Field name="GlobalId" type="java.lang.String"><![CDATA[54edb6d5-b3e9-4e6f-b809-c85c44cfbb00]]></Field>
</Object>
<Object class="com.sunopsis.dwg.dbobj.SnpReferencedObject">
		<Field name="IObject" type="com.sunopsis.sql.DbInt"><![CDATA[2100]]></Field>
	<Field name="ObjectPKasString" type="java.lang.String"><![CDATA[5]]></Field>
	<Field name="ObjectAKasString" type="java.lang.String"><![CDATA[LDS_META]]></Field>
	<Field name="Description" type="java.lang.String"><![CDATA[SNP_TECHNO : Oracle #SNP_LSCHEMA : LDS_META]]></Field>
 <Field name="GlobalId" type="java.lang.String"><![CDATA[7c6febbc-b3d0-4be6-af18-974c0da0a200]]></Field>
</Object>
<Object class="com.sunopsis.dwg.dbobj.SnpPschemaCont">
		<Field name="FirstDate" type="java.sql.Timestamp"><![CDATA[2015-12-22 16:50:41.0]]></Field>
	<Field name="FirstUser" type="java.lang.String"><![CDATA[G85JJTT]]></Field>
	<Field name="GlobalId" type="java.lang.String"><![CDATA[9f7dc805-9bcb-43c1-b5f2-bdabe889079f]]></Field>
	<Field name="IntVersion" type="com.sunopsis.sql.DbInt"><![CDATA[1]]></Field>
	<Field name="IContext" type="com.sunopsis.sql.DbInt"><![CDATA[83]]></Field>
	<Field name="ILschema" type="com.sunopsis.sql.DbInt"><![CDATA[5]]></Field>
	<Field name="IPschema" type="com.sunopsis.sql.DbInt"><![CDATA[4]]></Field>
	<Field name="LastDate" type="java.sql.Timestamp"><![CDATA[2015-12-22 16:50:41.0]]></Field>
	<Field name="LastUser" type="java.lang.String"><![CDATA[G85JJTT]]></Field>
</Object>
<Object class="com.sunopsis.dwg.dbobj.SnpReferencedObject">
		<Field name="IObject" type="com.sunopsis.sql.DbInt"><![CDATA[1500]]></Field>
	<Field name="ObjectPKasString" type="java.lang.String"><![CDATA[4]]></Field>
	<Field name="ObjectAKasString" type="java.lang.String"><![CDATA[17##O_LDS_META]]></Field>
	<Field name="Description" type="java.lang.String"><![CDATA[SNP_TECHNO : Oracle #SNP_CONNECT : ORACLE_DROD1D #SNP_PSCHEMA : ORACLE_DROD1D.O_LDS_META]]></Field>
 <Field name="GlobalId" type="java.lang.String"><![CDATA[986bf130-3013-499a-b119-9bfa6cf5c7ee]]></Field>
</Object>
<Object class="com.sunopsis.dwg.dbobj.SnpReferencedObject">
		<Field name="IObject" type="com.sunopsis.sql.DbInt"><![CDATA[1700]]></Field>
	<Field name="ObjectPKasString" type="java.lang.String"><![CDATA[83]]></Field>
	<Field name="ObjectAKasString" type="java.lang.String"><![CDATA[DEV02_9999]]></Field>
	<Field name="Description" type="java.lang.String"><![CDATA[SNP_CONTEXT : DEV02_9999]]></Field>
 <Field name="GlobalId" type="java.lang.String"><![CDATA[98ab279d-7a0d-444c-99c7-a3c25a127a48]]></Field>
</Object>
<Object class="com.sunopsis.dwg.dbobj.SnpReferencedObject">
		<Field name="IObject" type="com.sunopsis.sql.DbInt"><![CDATA[2100]]></Field>
	<Field name="ObjectPKasString" type="java.lang.String"><![CDATA[5]]></Field>
	<Field name="ObjectAKasString" type="java.lang.String"><![CDATA[LDS_META]]></Field>
	<Field name="Description" type="java.lang.String"><![CDATA[SNP_TECHNO : Oracle #SNP_LSCHEMA : LDS_META]]></Field>
 <Field name="GlobalId" type="java.lang.String"><![CDATA[7c6febbc-b3d0-4be6-af18-974c0da0a200]]></Field>
</Object>
<Object class="com.sunopsis.dwg.dbobj.SnpPschemaCont">
		<Field name="FirstDate" type="java.sql.Timestamp"><![CDATA[2015-09-29 06:02:53.0]]></Field>
	<Field name="FirstUser" type="java.lang.String"><![CDATA[SUPERVISOR]]></Field>
	<Field name="GlobalId" type="java.lang.String"><![CDATA[294c8bde-45e2-4b0f-bd92-9057be02fa87]]></Field>
	<Field name="IntVersion" type="com.sunopsis.sql.DbInt"><![CDATA[3]]></Field>
	<Field name="IContext" type="com.sunopsis.sql.DbInt"><![CDATA[3]]></Field>
	<Field name="ILschema" type="com.sunopsis.sql.DbInt"><![CDATA[12]]></Field>
	<Field name="IPschema" type="com.sunopsis.sql.DbInt"><![CDATA[11]]></Field>
	<Field name="LastDate" type="java.sql.Timestamp"><![CDATA[2015-09-29 06:04:34.0]]></Field>
	<Field name="LastUser" type="java.lang.String"><![CDATA[SUPERVISOR]]></Field>
</Object>
<Object class="com.sunopsis.dwg.dbobj.SnpReferencedObject">
		<Field name="IObject" type="com.sunopsis.sql.DbInt"><![CDATA[1500]]></Field>
	<Field name="ObjectPKasString" type="java.lang.String"><![CDATA[11]]></Field>
	<Field name="ObjectAKasString" type="java.lang.String"><![CDATA[17##O_LDS_RUNTIME]]></Field>
	<Field name="Description" type="java.lang.String"><![CDATA[SNP_TECHNO : Oracle #SNP_CONNECT : ORACLE_DROD1D #SNP_PSCHEMA : ORACLE_DROD1D.O_LDS_RUNTIME]]></Field>
 <Field name="GlobalId" type="java.lang.String"><![CDATA[255ef46b-2fbd-4cc7-87ec-d2e6541dc515]]></Field>
</Object>
<Object class="com.sunopsis.dwg.dbobj.SnpReferencedObject">
		<Field name="IObject" type="com.sunopsis.sql.DbInt"><![CDATA[1700]]></Field>
	<Field name="ObjectPKasString" type="java.lang.String"><![CDATA[3]]></Field>
	<Field name="ObjectAKasString" type="java.lang.String"><![CDATA[DEV01_9999]]></Field>
	<Field name="Description" type="java.lang.String"><![CDATA[SNP_CONTEXT : DEV01_9999]]></Field>
 <Field name="GlobalId" type="java.lang.String"><![CDATA[ab64110e-4ae2-4fe5-a472-e31106fb114f]]></Field>
</Object>
<Object class="com.sunopsis.dwg.dbobj.SnpReferencedObject">
		<Field name="IObject" type="com.sunopsis.sql.DbInt"><![CDATA[2100]]></Field>
	<Field name="ObjectPKasString" type="java.lang.String"><![CDATA[12]]></Field>
	<Field name="ObjectAKasString" type="java.lang.String"><![CDATA[LDS_RUNTIME]]></Field>
	<Field name="Description" type="java.lang.String"><![CDATA[SNP_TECHNO : Oracle #SNP_LSCHEMA : LDS_RUNTIME]]></Field>
 <Field name="GlobalId" type="java.lang.String"><![CDATA[e3f3e84e-056c-487c-8c96-072b9f0c8d67]]></Field>
</Object>
<Object class="com.sunopsis.dwg.dbobj.SnpPschemaCont">
		<Field name="FirstDate" type="java.sql.Timestamp"><![CDATA[2015-10-14 13:46:12.0]]></Field>
	<Field name="FirstUser" type="java.lang.String"><![CDATA[SUPERVISOR]]></Field>
	<Field name="GlobalId" type="java.lang.String"><![CDATA[39f84d31-6093-42d1-9025-77f16604b43d]]></Field>
	<Field name="IntVersion" type="com.sunopsis.sql.DbInt"><![CDATA[3]]></Field>
	<Field name="IContext" type="com.sunopsis.sql.DbInt"><![CDATA[33]]></Field>
	<Field name="ILschema" type="com.sunopsis.sql.DbInt"><![CDATA[12]]></Field>
	<Field name="IPschema" type="com.sunopsis.sql.DbInt"><![CDATA[11]]></Field>
	<Field name="LastDate" type="java.sql.Timestamp"><![CDATA[2015-11-10 15:04:44.0]]></Field>
	<Field name="LastUser" type="java.lang.String"><![CDATA[G856880]]></Field>
</Object>
<Object class="com.sunopsis.dwg.dbobj.SnpReferencedObject">
		<Field name="IObject" type="com.sunopsis.sql.DbInt"><![CDATA[1500]]></Field>
	<Field name="ObjectPKasString" type="java.lang.String"><![CDATA[11]]></Field>
	<Field name="ObjectAKasString" type="java.lang.String"><![CDATA[17##O_LDS_RUNTIME]]></Field>
	<Field name="Description" type="java.lang.String"><![CDATA[SNP_TECHNO : Oracle #SNP_CONNECT : ORACLE_DROD1D #SNP_PSCHEMA : ORACLE_DROD1D.O_LDS_RUNTIME]]></Field>
 <Field name="GlobalId" type="java.lang.String"><![CDATA[255ef46b-2fbd-4cc7-87ec-d2e6541dc515]]></Field>
</Object>
<Object class="com.sunopsis.dwg.dbobj.SnpReferencedObject">
		<Field name="IObject" type="com.sunopsis.sql.DbInt"><![CDATA[1700]]></Field>
	<Field name="ObjectPKasString" type="java.lang.String"><![CDATA[33]]></Field>
	<Field name="ObjectAKasString" type="java.lang.String"><![CDATA[DEV01_9999_B]]></Field>
	<Field name="Description" type="java.lang.String"><![CDATA[SNP_CONTEXT : DEV01_9999_B]]></Field>
 <Field name="GlobalId" type="java.lang.String"><![CDATA[54edb6d5-b3e9-4e6f-b809-c85c44cfbb00]]></Field>
</Object>
<Object class="com.sunopsis.dwg.dbobj.SnpReferencedObject">
		<Field name="IObject" type="com.sunopsis.sql.DbInt"><![CDATA[2100]]></Field>
	<Field name="ObjectPKasString" type="java.lang.String"><![CDATA[12]]></Field>
	<Field name="ObjectAKasString" type="java.lang.String"><![CDATA[LDS_RUNTIME]]></Field>
	<Field name="Description" type="java.lang.String"><![CDATA[SNP_TECHNO : Oracle #SNP_LSCHEMA : LDS_RUNTIME]]></Field>
 <Field name="GlobalId" type="java.lang.String"><![CDATA[e3f3e84e-056c-487c-8c96-072b9f0c8d67]]></Field>
</Object>
<Object class="com.sunopsis.dwg.dbobj.SnpPschemaCont">
		<Field name="FirstDate" type="java.sql.Timestamp"><![CDATA[2015-12-22 16:50:41.0]]></Field>
	<Field name="FirstUser" type="java.lang.String"><![CDATA[G85JJTT]]></Field>
	<Field name="GlobalId" type="java.lang.String"><![CDATA[cd2fd6aa-118f-4a65-a3ab-0ede8b70496a]]></Field>
	<Field name="IntVersion" type="com.sunopsis.sql.DbInt"><![CDATA[1]]></Field>
	<Field name="IContext" type="com.sunopsis.sql.DbInt"><![CDATA[83]]></Field>
	<Field name="ILschema" type="com.sunopsis.sql.DbInt"><![CDATA[12]]></Field>
	<Field name="IPschema" type="com.sunopsis.sql.DbInt"><![CDATA[11]]></Field>
	<Field name="LastDate" type="java.sql.Timestamp"><![CDATA[2015-12-22 16:50:41.0]]></Field>
	<Field name="LastUser" type="java.lang.String"><![CDATA[G85JJTT]]></Field>
</Object>
<Object class="com.sunopsis.dwg.dbobj.SnpReferencedObject">
		<Field name="IObject" type="com.sunopsis.sql.DbInt"><![CDATA[1500]]></Field>
	<Field name="ObjectPKasString" type="java.lang.String"><![CDATA[11]]></Field>
	<Field name="ObjectAKasString" type="java.lang.String"><![CDATA[17##O_LDS_RUNTIME]]></Field>
	<Field name="Description" type="java.lang.String"><![CDATA[SNP_TECHNO : Oracle #SNP_CONNECT : ORACLE_DROD1D #SNP_PSCHEMA : ORACLE_DROD1D.O_LDS_RUNTIME]]></Field>
 <Field name="GlobalId" type="java.lang.String"><![CDATA[255ef46b-2fbd-4cc7-87ec-d2e6541dc515]]></Field>
</Object>
<Object class="com.sunopsis.dwg.dbobj.SnpReferencedObject">
		<Field name="IObject" type="com.sunopsis.sql.DbInt"><![CDATA[1700]]></Field>
	<Field name="ObjectPKasString" type="java.lang.String"><![CDATA[83]]></Field>
	<Field name="ObjectAKasString" type="java.lang.String"><![CDATA[DEV02_9999]]></Field>
	<Field name="Description" type="java.lang.String"><![CDATA[SNP_CONTEXT : DEV02_9999]]></Field>
 <Field name="GlobalId" type="java.lang.String"><![CDATA[98ab279d-7a0d-444c-99c7-a3c25a127a48]]></Field>
</Object>
<Object class="com.sunopsis.dwg.dbobj.SnpReferencedObject">
		<Field name="IObject" type="com.sunopsis.sql.DbInt"><![CDATA[2100]]></Field>
	<Field name="ObjectPKasString" type="java.lang.String"><![CDATA[12]]></Field>
	<Field name="ObjectAKasString" type="java.lang.String"><![CDATA[LDS_RUNTIME]]></Field>
	<Field name="Description" type="java.lang.String"><![CDATA[SNP_TECHNO : Oracle #SNP_LSCHEMA : LDS_RUNTIME]]></Field>
 <Field name="GlobalId" type="java.lang.String"><![CDATA[e3f3e84e-056c-487c-8c96-072b9f0c8d67]]></Field>
</Object>
<Object class="com.sunopsis.dwg.dbobj.SnpPschemaCont">
		<Field name="FirstDate" type="java.sql.Timestamp"><![CDATA[2015-09-29 06:01:29.0]]></Field>
	<Field name="FirstUser" type="java.lang.String"><![CDATA[SUPERVISOR]]></Field>
	<Field name="GlobalId" type="java.lang.String"><![CDATA[152741fa-0b06-4efd-adb7-dc548276c5f6]]></Field>
	<Field name="IntVersion" type="com.sunopsis.sql.DbInt"><![CDATA[2]]></Field>
	<Field name="IContext" type="com.sunopsis.sql.DbInt"><![CDATA[13]]></Field>
	<Field name="ILschema" type="com.sunopsis.sql.DbInt"><![CDATA[24]]></Field>
	<Field name="IPschema" type="com.sunopsis.sql.DbInt"><![CDATA[24]]></Field>
	<Field name="LastDate" type="java.sql.Timestamp"><![CDATA[2015-12-23 12:35:08.0]]></Field>
	<Field name="LastUser" type="java.lang.String"><![CDATA[G85JJTT]]></Field>
</Object>
<Object class="com.sunopsis.dwg.dbobj.SnpReferencedObject">
		<Field name="IObject" type="com.sunopsis.sql.DbInt"><![CDATA[1500]]></Field>
	<Field name="ObjectPKasString" type="java.lang.String"><![CDATA[24]]></Field>
	<Field name="ObjectAKasString" type="java.lang.String"><![CDATA[27##O_LDS_ADELE]]></Field>
	<Field name="Description" type="java.lang.String"><![CDATA[SNP_TECHNO : Oracle #SNP_CONNECT : ORACLE_TROD0O #SNP_PSCHEMA : ORACLE_TROD0O.O_LDS_ADELE]]></Field>
 <Field name="GlobalId" type="java.lang.String"><![CDATA[ce5f2fd8-4428-4599-b644-84139686241b]]></Field>
</Object>
<Object class="com.sunopsis.dwg.dbobj.SnpReferencedObject">
		<Field name="IObject" type="com.sunopsis.sql.DbInt"><![CDATA[1700]]></Field>
	<Field name="ObjectPKasString" type="java.lang.String"><![CDATA[13]]></Field>
	<Field name="ObjectAKasString" type="java.lang.String"><![CDATA[ADELE_CTX]]></Field>
	<Field name="Description" type="java.lang.String"><![CDATA[SNP_CONTEXT : ADELE_CTX]]></Field>
 <Field name="GlobalId" type="java.lang.String"><![CDATA[77823052-9694-481b-bb42-de2795a94168]]></Field>
</Object>
<Object class="com.sunopsis.dwg.dbobj.SnpReferencedObject">
		<Field name="IObject" type="com.sunopsis.sql.DbInt"><![CDATA[2100]]></Field>
	<Field name="ObjectPKasString" type="java.lang.String"><![CDATA[24]]></Field>
	<Field name="ObjectAKasString" type="java.lang.String"><![CDATA[ADELE_REPO]]></Field>
	<Field name="Description" type="java.lang.String"><![CDATA[SNP_TECHNO : Oracle #SNP_LSCHEMA : ADELE_REPO]]></Field>
 <Field name="GlobalId" type="java.lang.String"><![CDATA[12d18067-c5e5-4b6a-ad13-2b829625a680]]></Field>
</Object>
<Object class="com.sunopsis.dwg.dbobj.SnpPschemaCont">
		<Field name="FirstDate" type="java.sql.Timestamp"><![CDATA[2015-09-29 05:59:19.0]]></Field>
	<Field name="FirstUser" type="java.lang.String"><![CDATA[SUPERVISOR]]></Field>
	<Field name="GlobalId" type="java.lang.String"><![CDATA[5bd1e9e1-859b-4af9-a963-e033a2bad51a]]></Field>
	<Field name="IntVersion" type="com.sunopsis.sql.DbInt"><![CDATA[4]]></Field>
	<Field name="IContext" type="com.sunopsis.sql.DbInt"><![CDATA[3]]></Field>
	<Field name="ILschema" type="com.sunopsis.sql.DbInt"><![CDATA[24]]></Field>
	<Field name="IPschema" type="com.sunopsis.sql.DbInt"><![CDATA[23]]></Field>
	<Field name="LastDate" type="java.sql.Timestamp"><![CDATA[2015-09-29 06:04:34.0]]></Field>
	<Field name="LastUser" type="java.lang.String"><![CDATA[SUPERVISOR]]></Field>
</Object>
<Object class="com.sunopsis.dwg.dbobj.SnpReferencedObject">
		<Field name="IObject" type="com.sunopsis.sql.DbInt"><![CDATA[1500]]></Field>
	<Field name="ObjectPKasString" type="java.lang.String"><![CDATA[23]]></Field>
	<Field name="ObjectAKasString" type="java.lang.String"><![CDATA[17##O_LDS_ADELE]]></Field>
	<Field name="Description" type="java.lang.String"><![CDATA[SNP_TECHNO : Oracle #SNP_CONNECT : ORACLE_DROD1D #SNP_PSCHEMA : ORACLE_DROD1D.O_LDS_ADELE]]></Field>
 <Field name="GlobalId" type="java.lang.String"><![CDATA[b9819850-5834-496a-84a5-eaf49b9b6c6e]]></Field>
</Object>
<Object class="com.sunopsis.dwg.dbobj.SnpReferencedObject">
		<Field name="IObject" type="com.sunopsis.sql.DbInt"><![CDATA[1700]]></Field>
	<Field name="ObjectPKasString" type="java.lang.String"><![CDATA[3]]></Field>
	<Field name="ObjectAKasString" type="java.lang.String"><![CDATA[DEV01_9999]]></Field>
	<Field name="Description" type="java.lang.String"><![CDATA[SNP_CONTEXT : DEV01_9999]]></Field>
 <Field name="GlobalId" type="java.lang.String"><![CDATA[ab64110e-4ae2-4fe5-a472-e31106fb114f]]></Field>
</Object>
<Object class="com.sunopsis.dwg.dbobj.SnpReferencedObject">
		<Field name="IObject" type="com.sunopsis.sql.DbInt"><![CDATA[2100]]></Field>
	<Field name="ObjectPKasString" type="java.lang.String"><![CDATA[24]]></Field>
	<Field name="ObjectAKasString" type="java.lang.String"><![CDATA[ADELE_REPO]]></Field>
	<Field name="Description" type="java.lang.String"><![CDATA[SNP_TECHNO : Oracle #SNP_LSCHEMA : ADELE_REPO]]></Field>
 <Field name="GlobalId" type="java.lang.String"><![CDATA[12d18067-c5e5-4b6a-ad13-2b829625a680]]></Field>
</Object>
<Object class="com.sunopsis.dwg.dbobj.SnpPschemaCont">
		<Field name="FirstDate" type="java.sql.Timestamp"><![CDATA[2015-10-14 13:46:12.0]]></Field>
	<Field name="FirstUser" type="java.lang.String"><![CDATA[SUPERVISOR]]></Field>
	<Field name="GlobalId" type="java.lang.String"><![CDATA[8f8f934c-20e3-4f2f-bfcb-83d05bfe9cac]]></Field>
	<Field name="IntVersion" type="com.sunopsis.sql.DbInt"><![CDATA[3]]></Field>
	<Field name="IContext" type="com.sunopsis.sql.DbInt"><![CDATA[33]]></Field>
	<Field name="ILschema" type="com.sunopsis.sql.DbInt"><![CDATA[24]]></Field>
	<Field name="IPschema" type="com.sunopsis.sql.DbInt"><![CDATA[23]]></Field>
	<Field name="LastDate" type="java.sql.Timestamp"><![CDATA[2015-11-10 15:04:44.0]]></Field>
	<Field name="LastUser" type="java.lang.String"><![CDATA[G856880]]></Field>
</Object>
<Object class="com.sunopsis.dwg.dbobj.SnpReferencedObject">
		<Field name="IObject" type="com.sunopsis.sql.DbInt"><![CDATA[1500]]></Field>
	<Field name="ObjectPKasString" type="java.lang.String"><![CDATA[23]]></Field>
	<Field name="ObjectAKasString" type="java.lang.String"><![CDATA[17##O_LDS_ADELE]]></Field>
	<Field name="Description" type="java.lang.String"><![CDATA[SNP_TECHNO : Oracle #SNP_CONNECT : ORACLE_DROD1D #SNP_PSCHEMA : ORACLE_DROD1D.O_LDS_ADELE]]></Field>
 <Field name="GlobalId" type="java.lang.String"><![CDATA[b9819850-5834-496a-84a5-eaf49b9b6c6e]]></Field>
</Object>
<Object class="com.sunopsis.dwg.dbobj.SnpReferencedObject">
		<Field name="IObject" type="com.sunopsis.sql.DbInt"><![CDATA[1700]]></Field>
	<Field name="ObjectPKasString" type="java.lang.String"><![CDATA[33]]></Field>
	<Field name="ObjectAKasString" type="java.lang.String"><![CDATA[DEV01_9999_B]]></Field>
	<Field name="Description" type="java.lang.String"><![CDATA[SNP_CONTEXT : DEV01_9999_B]]></Field>
 <Field name="GlobalId" type="java.lang.String"><![CDATA[54edb6d5-b3e9-4e6f-b809-c85c44cfbb00]]></Field>
</Object>
<Object class="com.sunopsis.dwg.dbobj.SnpReferencedObject">
		<Field name="IObject" type="com.sunopsis.sql.DbInt"><![CDATA[2100]]></Field>
	<Field name="ObjectPKasString" type="java.lang.String"><![CDATA[24]]></Field>
	<Field name="ObjectAKasString" type="java.lang.String"><![CDATA[ADELE_REPO]]></Field>
	<Field name="Description" type="java.lang.String"><![CDATA[SNP_TECHNO : Oracle #SNP_LSCHEMA : ADELE_REPO]]></Field>
 <Field name="GlobalId" type="java.lang.String"><![CDATA[12d18067-c5e5-4b6a-ad13-2b829625a680]]></Field>
</Object>
<Object class="com.sunopsis.dwg.dbobj.SnpPschemaCont">
		<Field name="FirstDate" type="java.sql.Timestamp"><![CDATA[2015-09-29 05:59:19.0]]></Field>
	<Field name="FirstUser" type="java.lang.String"><![CDATA[SUPERVISOR]]></Field>
	<Field name="GlobalId" type="java.lang.String"><![CDATA[efbf60be-4ed8-49ea-813d-f2364fcba5be]]></Field>
	<Field name="IntVersion" type="com.sunopsis.sql.DbInt"><![CDATA[4]]></Field>
	<Field name="IContext" type="com.sunopsis.sql.DbInt"><![CDATA[3]]></Field>
	<Field name="ILschema" type="com.sunopsis.sql.DbInt"><![CDATA[35]]></Field>
	<Field name="IPschema" type="com.sunopsis.sql.DbInt"><![CDATA[11]]></Field>
	<Field name="LastDate" type="java.sql.Timestamp"><![CDATA[2015-09-29 06:04:34.0]]></Field>
	<Field name="LastUser" type="java.lang.String"><![CDATA[SUPERVISOR]]></Field>
</Object>
<Object class="com.sunopsis.dwg.dbobj.SnpReferencedObject">
		<Field name="IObject" type="com.sunopsis.sql.DbInt"><![CDATA[1500]]></Field>
	<Field name="ObjectPKasString" type="java.lang.String"><![CDATA[11]]></Field>
	<Field name="ObjectAKasString" type="java.lang.String"><![CDATA[17##O_LDS_RUNTIME]]></Field>
	<Field name="Description" type="java.lang.String"><![CDATA[SNP_TECHNO : Oracle #SNP_CONNECT : ORACLE_DROD1D #SNP_PSCHEMA : ORACLE_DROD1D.O_LDS_RUNTIME]]></Field>
 <Field name="GlobalId" type="java.lang.String"><![CDATA[255ef46b-2fbd-4cc7-87ec-d2e6541dc515]]></Field>
</Object>
<Object class="com.sunopsis.dwg.dbobj.SnpReferencedObject">
		<Field name="IObject" type="com.sunopsis.sql.DbInt"><![CDATA[1700]]></Field>
	<Field name="ObjectPKasString" type="java.lang.String"><![CDATA[3]]></Field>
	<Field name="ObjectAKasString" type="java.lang.String"><![CDATA[DEV01_9999]]></Field>
	<Field name="Description" type="java.lang.String"><![CDATA[SNP_CONTEXT : DEV01_9999]]></Field>
 <Field name="GlobalId" type="java.lang.String"><![CDATA[ab64110e-4ae2-4fe5-a472-e31106fb114f]]></Field>
</Object>
<Object class="com.sunopsis.dwg.dbobj.SnpReferencedObject">
		<Field name="IObject" type="com.sunopsis.sql.DbInt"><![CDATA[2100]]></Field>
	<Field name="ObjectPKasString" type="java.lang.String"><![CDATA[35]]></Field>
	<Field name="ObjectAKasString" type="java.lang.String"><![CDATA[JC_JOB_DEFINITIONS]]></Field>
	<Field name="Description" type="java.lang.String"><![CDATA[SNP_TECHNO : Oracle #SNP_LSCHEMA : JC_JOB_DEFINITIONS]]></Field>
 <Field name="GlobalId" type="java.lang.String"><![CDATA[a9077dca-123a-45af-a645-f5852d975701]]></Field>
</Object>
<Object class="com.sunopsis.dwg.dbobj.SnpPschemaCont">
		<Field name="FirstDate" type="java.sql.Timestamp"><![CDATA[2015-10-14 13:46:12.0]]></Field>
	<Field name="FirstUser" type="java.lang.String"><![CDATA[SUPERVISOR]]></Field>
	<Field name="GlobalId" type="java.lang.String"><![CDATA[02f4b908-0f73-4774-a2fd-3dc98cfac8fb]]></Field>
	<Field name="IntVersion" type="com.sunopsis.sql.DbInt"><![CDATA[3]]></Field>
	<Field name="IContext" type="com.sunopsis.sql.DbInt"><![CDATA[33]]></Field>
	<Field name="ILschema" type="com.sunopsis.sql.DbInt"><![CDATA[35]]></Field>
	<Field name="IPschema" type="com.sunopsis.sql.DbInt"><![CDATA[11]]></Field>
	<Field name="LastDate" type="java.sql.Timestamp"><![CDATA[2015-11-10 15:04:44.0]]></Field>
	<Field name="LastUser" type="java.lang.String"><![CDATA[G856880]]></Field>
</Object>
<Object class="com.sunopsis.dwg.dbobj.SnpReferencedObject">
		<Field name="IObject" type="com.sunopsis.sql.DbInt"><![CDATA[1500]]></Field>
	<Field name="ObjectPKasString" type="java.lang.String"><![CDATA[11]]></Field>
	<Field name="ObjectAKasString" type="java.lang.String"><![CDATA[17##O_LDS_RUNTIME]]></Field>
	<Field name="Description" type="java.lang.String"><![CDATA[SNP_TECHNO : Oracle #SNP_CONNECT : ORACLE_DROD1D #SNP_PSCHEMA : ORACLE_DROD1D.O_LDS_RUNTIME]]></Field>
 <Field name="GlobalId" type="java.lang.String"><![CDATA[255ef46b-2fbd-4cc7-87ec-d2e6541dc515]]></Field>
</Object>
<Object class="com.sunopsis.dwg.dbobj.SnpReferencedObject">
		<Field name="IObject" type="com.sunopsis.sql.DbInt"><![CDATA[1700]]></Field>
	<Field name="ObjectPKasString" type="java.lang.String"><![CDATA[33]]></Field>
	<Field name="ObjectAKasString" type="java.lang.String"><![CDATA[DEV01_9999_B]]></Field>
	<Field name="Description" type="java.lang.String"><![CDATA[SNP_CONTEXT : DEV01_9999_B]]></Field>
 <Field name="GlobalId" type="java.lang.String"><![CDATA[54edb6d5-b3e9-4e6f-b809-c85c44cfbb00]]></Field>
</Object>
<Object class="com.sunopsis.dwg.dbobj.SnpReferencedObject">
		<Field name="IObject" type="com.sunopsis.sql.DbInt"><![CDATA[2100]]></Field>
	<Field name="ObjectPKasString" type="java.lang.String"><![CDATA[35]]></Field>
	<Field name="ObjectAKasString" type="java.lang.String"><![CDATA[JC_JOB_DEFINITIONS]]></Field>
	<Field name="Description" type="java.lang.String"><![CDATA[SNP_TECHNO : Oracle #SNP_LSCHEMA : JC_JOB_DEFINITIONS]]></Field>
 <Field name="GlobalId" type="java.lang.String"><![CDATA[a9077dca-123a-45af-a645-f5852d975701]]></Field>
</Object>
<Object class="com.sunopsis.dwg.dbobj.SnpPschemaCont">
		<Field name="FirstDate" type="java.sql.Timestamp"><![CDATA[2015-12-22 16:50:41.0]]></Field>
	<Field name="FirstUser" type="java.lang.String"><![CDATA[G85JJTT]]></Field>
	<Field name="GlobalId" type="java.lang.String"><![CDATA[e64c100e-df5b-48e5-b2d3-435a3a065ddd]]></Field>
	<Field name="IntVersion" type="com.sunopsis.sql.DbInt"><![CDATA[1]]></Field>
	<Field name="IContext" type="com.sunopsis.sql.DbInt"><![CDATA[83]]></Field>
	<Field name="ILschema" type="com.sunopsis.sql.DbInt"><![CDATA[35]]></Field>
	<Field name="IPschema" type="com.sunopsis.sql.DbInt"><![CDATA[11]]></Field>
	<Field name="LastDate" type="java.sql.Timestamp"><![CDATA[2015-12-22 16:50:41.0]]></Field>
	<Field name="LastUser" type="java.lang.String"><![CDATA[G85JJTT]]></Field>
</Object>
<Object class="com.sunopsis.dwg.dbobj.SnpReferencedObject">
		<Field name="IObject" type="com.sunopsis.sql.DbInt"><![CDATA[1500]]></Field>
	<Field name="ObjectPKasString" type="java.lang.String"><![CDATA[11]]></Field>
	<Field name="ObjectAKasString" type="java.lang.String"><![CDATA[17##O_LDS_RUNTIME]]></Field>
	<Field name="Description" type="java.lang.String"><![CDATA[SNP_TECHNO : Oracle #SNP_CONNECT : ORACLE_DROD1D #SNP_PSCHEMA : ORACLE_DROD1D.O_LDS_RUNTIME]]></Field>
 <Field name="GlobalId" type="java.lang.String"><![CDATA[255ef46b-2fbd-4cc7-87ec-d2e6541dc515]]></Field>
</Object>
<Object class="com.sunopsis.dwg.dbobj.SnpReferencedObject">
		<Field name="IObject" type="com.sunopsis.sql.DbInt"><![CDATA[1700]]></Field>
	<Field name="ObjectPKasString" type="java.lang.String"><![CDATA[83]]></Field>
	<Field name="ObjectAKasString" type="java.lang.String"><![CDATA[DEV02_9999]]></Field>
	<Field name="Description" type="java.lang.String"><![CDATA[SNP_CONTEXT : DEV02_9999]]></Field>
 <Field name="GlobalId" type="java.lang.String"><![CDATA[98ab279d-7a0d-444c-99c7-a3c25a127a48]]></Field>
</Object>
<Object class="com.sunopsis.dwg.dbobj.SnpReferencedObject">
		<Field name="IObject" type="com.sunopsis.sql.DbInt"><![CDATA[2100]]></Field>
	<Field name="ObjectPKasString" type="java.lang.String"><![CDATA[35]]></Field>
	<Field name="ObjectAKasString" type="java.lang.String"><![CDATA[JC_JOB_DEFINITIONS]]></Field>
	<Field name="Description" type="java.lang.String"><![CDATA[SNP_TECHNO : Oracle #SNP_LSCHEMA : JC_JOB_DEFINITIONS]]></Field>
 <Field name="GlobalId" type="java.lang.String"><![CDATA[a9077dca-123a-45af-a645-f5852d975701]]></Field>
</Object>
<Object class="com.sunopsis.dwg.dbobj.SnpPschemaCont">
		<Field name="FirstDate" type="java.sql.Timestamp"><![CDATA[2015-09-29 05:59:19.0]]></Field>
	<Field name="FirstUser" type="java.lang.String"><![CDATA[SUPERVISOR]]></Field>
	<Field name="GlobalId" type="java.lang.String"><![CDATA[0f6892cc-9970-422b-963d-91edc10f0acf]]></Field>
	<Field name="IntVersion" type="com.sunopsis.sql.DbInt"><![CDATA[4]]></Field>
	<Field name="IContext" type="com.sunopsis.sql.DbInt"><![CDATA[3]]></Field>
	<Field name="ILschema" type="com.sunopsis.sql.DbInt"><![CDATA[36]]></Field>
	<Field name="IPschema" type="com.sunopsis.sql.DbInt"><![CDATA[11]]></Field>
	<Field name="LastDate" type="java.sql.Timestamp"><![CDATA[2015-09-29 06:04:34.0]]></Field>
	<Field name="LastUser" type="java.lang.String"><![CDATA[SUPERVISOR]]></Field>
</Object>
<Object class="com.sunopsis.dwg.dbobj.SnpReferencedObject">
		<Field name="IObject" type="com.sunopsis.sql.DbInt"><![CDATA[1500]]></Field>
	<Field name="ObjectPKasString" type="java.lang.String"><![CDATA[11]]></Field>
	<Field name="ObjectAKasString" type="java.lang.String"><![CDATA[17##O_LDS_RUNTIME]]></Field>
	<Field name="Description" type="java.lang.String"><![CDATA[SNP_TECHNO : Oracle #SNP_CONNECT : ORACLE_DROD1D #SNP_PSCHEMA : ORACLE_DROD1D.O_LDS_RUNTIME]]></Field>
 <Field name="GlobalId" type="java.lang.String"><![CDATA[255ef46b-2fbd-4cc7-87ec-d2e6541dc515]]></Field>
</Object>
<Object class="com.sunopsis.dwg.dbobj.SnpReferencedObject">
		<Field name="IObject" type="com.sunopsis.sql.DbInt"><![CDATA[1700]]></Field>
	<Field name="ObjectPKasString" type="java.lang.String"><![CDATA[3]]></Field>
	<Field name="ObjectAKasString" type="java.lang.String"><![CDATA[DEV01_9999]]></Field>
	<Field name="Description" type="java.lang.String"><![CDATA[SNP_CONTEXT : DEV01_9999]]></Field>
 <Field name="GlobalId" type="java.lang.String"><![CDATA[ab64110e-4ae2-4fe5-a472-e31106fb114f]]></Field>
</Object>
<Object class="com.sunopsis.dwg.dbobj.SnpReferencedObject">
		<Field name="IObject" type="com.sunopsis.sql.DbInt"><![CDATA[2100]]></Field>
	<Field name="ObjectPKasString" type="java.lang.String"><![CDATA[36]]></Field>
	<Field name="ObjectAKasString" type="java.lang.String"><![CDATA[JC_JOB_LOGS]]></Field>
	<Field name="Description" type="java.lang.String"><![CDATA[SNP_TECHNO : Oracle #SNP_LSCHEMA : JC_JOB_LOGS]]></Field>
 <Field name="GlobalId" type="java.lang.String"><![CDATA[829fdc5a-0419-4d32-b941-4756760d3905]]></Field>
</Object>
<Object class="com.sunopsis.dwg.dbobj.SnpPschemaCont">
		<Field name="FirstDate" type="java.sql.Timestamp"><![CDATA[2015-10-14 13:46:12.0]]></Field>
	<Field name="FirstUser" type="java.lang.String"><![CDATA[SUPERVISOR]]></Field>
	<Field name="GlobalId" type="java.lang.String"><![CDATA[b566a925-181a-4e92-bdeb-db5fc672203f]]></Field>
	<Field name="IntVersion" type="com.sunopsis.sql.DbInt"><![CDATA[3]]></Field>
	<Field name="IContext" type="com.sunopsis.sql.DbInt"><![CDATA[33]]></Field>
	<Field name="ILschema" type="com.sunopsis.sql.DbInt"><![CDATA[36]]></Field>
	<Field name="IPschema" type="com.sunopsis.sql.DbInt"><![CDATA[11]]></Field>
	<Field name="LastDate" type="java.sql.Timestamp"><![CDATA[2015-11-10 15:04:44.0]]></Field>
	<Field name="LastUser" type="java.lang.String"><![CDATA[G856880]]></Field>
</Object>
<Object class="com.sunopsis.dwg.dbobj.SnpReferencedObject">
		<Field name="IObject" type="com.sunopsis.sql.DbInt"><![CDATA[1500]]></Field>
	<Field name="ObjectPKasString" type="java.lang.String"><![CDATA[11]]></Field>
	<Field name="ObjectAKasString" type="java.lang.String"><![CDATA[17##O_LDS_RUNTIME]]></Field>
	<Field name="Description" type="java.lang.String"><![CDATA[SNP_TECHNO : Oracle #SNP_CONNECT : ORACLE_DROD1D #SNP_PSCHEMA : ORACLE_DROD1D.O_LDS_RUNTIME]]></Field>
 <Field name="GlobalId" type="java.lang.String"><![CDATA[255ef46b-2fbd-4cc7-87ec-d2e6541dc515]]></Field>
</Object>
<Object class="com.sunopsis.dwg.dbobj.SnpReferencedObject">
		<Field name="IObject" type="com.sunopsis.sql.DbInt"><![CDATA[1700]]></Field>
	<Field name="ObjectPKasString" type="java.lang.String"><![CDATA[33]]></Field>
	<Field name="ObjectAKasString" type="java.lang.String"><![CDATA[DEV01_9999_B]]></Field>
	<Field name="Description" type="java.lang.String"><![CDATA[SNP_CONTEXT : DEV01_9999_B]]></Field>
 <Field name="GlobalId" type="java.lang.String"><![CDATA[54edb6d5-b3e9-4e6f-b809-c85c44cfbb00]]></Field>
</Object>
<Object class="com.sunopsis.dwg.dbobj.SnpReferencedObject">
		<Field name="IObject" type="com.sunopsis.sql.DbInt"><![CDATA[2100]]></Field>
	<Field name="ObjectPKasString" type="java.lang.String"><![CDATA[36]]></Field>
	<Field name="ObjectAKasString" type="java.lang.String"><![CDATA[JC_JOB_LOGS]]></Field>
	<Field name="Description" type="java.lang.String"><![CDATA[SNP_TECHNO : Oracle #SNP_LSCHEMA : JC_JOB_LOGS]]></Field>
 <Field name="GlobalId" type="java.lang.String"><![CDATA[829fdc5a-0419-4d32-b941-4756760d3905]]></Field>
</Object>
<Object class="com.sunopsis.dwg.dbobj.SnpPschemaCont">
		<Field name="FirstDate" type="java.sql.Timestamp"><![CDATA[2015-12-22 16:50:41.0]]></Field>
	<Field name="FirstUser" type="java.lang.String"><![CDATA[G85JJTT]]></Field>
	<Field name="GlobalId" type="java.lang.String"><![CDATA[f11cd763-73db-4b6e-88f5-61e98686d2e9]]></Field>
	<Field name="IntVersion" type="com.sunopsis.sql.DbInt"><![CDATA[1]]></Field>
	<Field name="IContext" type="com.sunopsis.sql.DbInt"><![CDATA[83]]></Field>
	<Field name="ILschema" type="com.sunopsis.sql.DbInt"><![CDATA[36]]></Field>
	<Field name="IPschema" type="com.sunopsis.sql.DbInt"><![CDATA[11]]></Field>
	<Field name="LastDate" type="java.sql.Timestamp"><![CDATA[2015-12-22 16:50:41.0]]></Field>
	<Field name="LastUser" type="java.lang.String"><![CDATA[G85JJTT]]></Field>
</Object>
<Object class="com.sunopsis.dwg.dbobj.SnpReferencedObject">
		<Field name="IObject" type="com.sunopsis.sql.DbInt"><![CDATA[1500]]></Field>
	<Field name="ObjectPKasString" type="java.lang.String"><![CDATA[11]]></Field>
	<Field name="ObjectAKasString" type="java.lang.String"><![CDATA[17##O_LDS_RUNTIME]]></Field>
	<Field name="Description" type="java.lang.String"><![CDATA[SNP_TECHNO : Oracle #SNP_CONNECT : ORACLE_DROD1D #SNP_PSCHEMA : ORACLE_DROD1D.O_LDS_RUNTIME]]></Field>
 <Field name="GlobalId" type="java.lang.String"><![CDATA[255ef46b-2fbd-4cc7-87ec-d2e6541dc515]]></Field>
</Object>
<Object class="com.sunopsis.dwg.dbobj.SnpReferencedObject">
		<Field name="IObject" type="com.sunopsis.sql.DbInt"><![CDATA[1700]]></Field>
	<Field name="ObjectPKasString" type="java.lang.String"><![CDATA[83]]></Field>
	<Field name="ObjectAKasString" type="java.lang.String"><![CDATA[DEV02_9999]]></Field>
	<Field name="Description" type="java.lang.String"><![CDATA[SNP_CONTEXT : DEV02_9999]]></Field>
 <Field name="GlobalId" type="java.lang.String"><![CDATA[98ab279d-7a0d-444c-99c7-a3c25a127a48]]></Field>
</Object>
<Object class="com.sunopsis.dwg.dbobj.SnpReferencedObject">
		<Field name="IObject" type="com.sunopsis.sql.DbInt"><![CDATA[2100]]></Field>
	<Field name="ObjectPKasString" type="java.lang.String"><![CDATA[36]]></Field>
	<Field name="ObjectAKasString" type="java.lang.String"><![CDATA[JC_JOB_LOGS]]></Field>
	<Field name="Description" type="java.lang.String"><![CDATA[SNP_TECHNO : Oracle #SNP_LSCHEMA : JC_JOB_LOGS]]></Field>
 <Field name="GlobalId" type="java.lang.String"><![CDATA[829fdc5a-0419-4d32-b941-4756760d3905]]></Field>
</Object>
<Object class="com.sunopsis.dwg.dbobj.SnpPschemaCont">
		<Field name="FirstDate" type="java.sql.Timestamp"><![CDATA[2015-09-29 05:59:19.0]]></Field>
	<Field name="FirstUser" type="java.lang.String"><![CDATA[SUPERVISOR]]></Field>
	<Field name="GlobalId" type="java.lang.String"><![CDATA[b7d2da2a-9a53-446b-a591-ef5e51ebc3f9]]></Field>
	<Field name="IntVersion" type="com.sunopsis.sql.DbInt"><![CDATA[4]]></Field>
	<Field name="IContext" type="com.sunopsis.sql.DbInt"><![CDATA[3]]></Field>
	<Field name="ILschema" type="com.sunopsis.sql.DbInt"><![CDATA[37]]></Field>
	<Field name="IPschema" type="com.sunopsis.sql.DbInt"><![CDATA[11]]></Field>
	<Field name="LastDate" type="java.sql.Timestamp"><![CDATA[2015-09-29 06:04:34.0]]></Field>
	<Field name="LastUser" type="java.lang.String"><![CDATA[SUPERVISOR]]></Field>
</Object>
<Object class="com.sunopsis.dwg.dbobj.SnpReferencedObject">
		<Field name="IObject" type="com.sunopsis.sql.DbInt"><![CDATA[1500]]></Field>
	<Field name="ObjectPKasString" type="java.lang.String"><![CDATA[11]]></Field>
	<Field name="ObjectAKasString" type="java.lang.String"><![CDATA[17##O_LDS_RUNTIME]]></Field>
	<Field name="Description" type="java.lang.String"><![CDATA[SNP_TECHNO : Oracle #SNP_CONNECT : ORACLE_DROD1D #SNP_PSCHEMA : ORACLE_DROD1D.O_LDS_RUNTIME]]></Field>
 <Field name="GlobalId" type="java.lang.String"><![CDATA[255ef46b-2fbd-4cc7-87ec-d2e6541dc515]]></Field>
</Object>
<Object class="com.sunopsis.dwg.dbobj.SnpReferencedObject">
		<Field name="IObject" type="com.sunopsis.sql.DbInt"><![CDATA[1700]]></Field>
	<Field name="ObjectPKasString" type="java.lang.String"><![CDATA[3]]></Field>
	<Field name="ObjectAKasString" type="java.lang.String"><![CDATA[DEV01_9999]]></Field>
	<Field name="Description" type="java.lang.String"><![CDATA[SNP_CONTEXT : DEV01_9999]]></Field>
 <Field name="GlobalId" type="java.lang.String"><![CDATA[ab64110e-4ae2-4fe5-a472-e31106fb114f]]></Field>
</Object>
<Object class="com.sunopsis.dwg.dbobj.SnpReferencedObject">
		<Field name="IObject" type="com.sunopsis.sql.DbInt"><![CDATA[2100]]></Field>
	<Field name="ObjectPKasString" type="java.lang.String"><![CDATA[37]]></Field>
	<Field name="ObjectAKasString" type="java.lang.String"><![CDATA[JC_SETTINGS]]></Field>
	<Field name="Description" type="java.lang.String"><![CDATA[SNP_TECHNO : Oracle #SNP_LSCHEMA : JC_SETTINGS]]></Field>
 <Field name="GlobalId" type="java.lang.String"><![CDATA[5a7cebf3-3897-4bf6-8eff-748083f8aabe]]></Field>
</Object>
<Object class="com.sunopsis.dwg.dbobj.SnpPschemaCont">
		<Field name="FirstDate" type="java.sql.Timestamp"><![CDATA[2015-10-14 13:46:12.0]]></Field>
	<Field name="FirstUser" type="java.lang.String"><![CDATA[SUPERVISOR]]></Field>
	<Field name="GlobalId" type="java.lang.String"><![CDATA[73f7c693-6e87-459a-95d8-0661d421c47b]]></Field>
	<Field name="IntVersion" type="com.sunopsis.sql.DbInt"><![CDATA[3]]></Field>
	<Field name="IContext" type="com.sunopsis.sql.DbInt"><![CDATA[33]]></Field>
	<Field name="ILschema" type="com.sunopsis.sql.DbInt"><![CDATA[37]]></Field>
	<Field name="IPschema" type="com.sunopsis.sql.DbInt"><![CDATA[11]]></Field>
	<Field name="LastDate" type="java.sql.Timestamp"><![CDATA[2015-11-10 15:04:44.0]]></Field>
	<Field name="LastUser" type="java.lang.String"><![CDATA[G856880]]></Field>
</Object>
<Object class="com.sunopsis.dwg.dbobj.SnpReferencedObject">
		<Field name="IObject" type="com.sunopsis.sql.DbInt"><![CDATA[1500]]></Field>
	<Field name="ObjectPKasString" type="java.lang.String"><![CDATA[11]]></Field>
	<Field name="ObjectAKasString" type="java.lang.String"><![CDATA[17##O_LDS_RUNTIME]]></Field>
	<Field name="Description" type="java.lang.String"><![CDATA[SNP_TECHNO : Oracle #SNP_CONNECT : ORACLE_DROD1D #SNP_PSCHEMA : ORACLE_DROD1D.O_LDS_RUNTIME]]></Field>
 <Field name="GlobalId" type="java.lang.String"><![CDATA[255ef46b-2fbd-4cc7-87ec-d2e6541dc515]]></Field>
</Object>
<Object class="com.sunopsis.dwg.dbobj.SnpReferencedObject">
		<Field name="IObject" type="com.sunopsis.sql.DbInt"><![CDATA[1700]]></Field>
	<Field name="ObjectPKasString" type="java.lang.String"><![CDATA[33]]></Field>
	<Field name="ObjectAKasString" type="java.lang.String"><![CDATA[DEV01_9999_B]]></Field>
	<Field name="Description" type="java.lang.String"><![CDATA[SNP_CONTEXT : DEV01_9999_B]]></Field>
 <Field name="GlobalId" type="java.lang.String"><![CDATA[54edb6d5-b3e9-4e6f-b809-c85c44cfbb00]]></Field>
</Object>
<Object class="com.sunopsis.dwg.dbobj.SnpReferencedObject">
		<Field name="IObject" type="com.sunopsis.sql.DbInt"><![CDATA[2100]]></Field>
	<Field name="ObjectPKasString" type="java.lang.String"><![CDATA[37]]></Field>
	<Field name="ObjectAKasString" type="java.lang.String"><![CDATA[JC_SETTINGS]]></Field>
	<Field name="Description" type="java.lang.String"><![CDATA[SNP_TECHNO : Oracle #SNP_LSCHEMA : JC_SETTINGS]]></Field>
 <Field name="GlobalId" type="java.lang.String"><![CDATA[5a7cebf3-3897-4bf6-8eff-748083f8aabe]]></Field>
</Object>
<Object class="com.sunopsis.dwg.dbobj.SnpPschemaCont">
		<Field name="FirstDate" type="java.sql.Timestamp"><![CDATA[2015-12-22 16:50:41.0]]></Field>
	<Field name="FirstUser" type="java.lang.String"><![CDATA[G85JJTT]]></Field>
	<Field name="GlobalId" type="java.lang.String"><![CDATA[4b19207f-3f05-4667-8c4d-3f3ec34ba14f]]></Field>
	<Field name="IntVersion" type="com.sunopsis.sql.DbInt"><![CDATA[1]]></Field>
	<Field name="IContext" type="com.sunopsis.sql.DbInt"><![CDATA[83]]></Field>
	<Field name="ILschema" type="com.sunopsis.sql.DbInt"><![CDATA[37]]></Field>
	<Field name="IPschema" type="com.sunopsis.sql.DbInt"><![CDATA[11]]></Field>
	<Field name="LastDate" type="java.sql.Timestamp"><![CDATA[2015-12-22 16:50:41.0]]></Field>
	<Field name="LastUser" type="java.lang.String"><![CDATA[G85JJTT]]></Field>
</Object>
<Object class="com.sunopsis.dwg.dbobj.SnpReferencedObject">
		<Field name="IObject" type="com.sunopsis.sql.DbInt"><![CDATA[1500]]></Field>
	<Field name="ObjectPKasString" type="java.lang.String"><![CDATA[11]]></Field>
	<Field name="ObjectAKasString" type="java.lang.String"><![CDATA[17##O_LDS_RUNTIME]]></Field>
	<Field name="Description" type="java.lang.String"><![CDATA[SNP_TECHNO : Oracle #SNP_CONNECT : ORACLE_DROD1D #SNP_PSCHEMA : ORACLE_DROD1D.O_LDS_RUNTIME]]></Field>
 <Field name="GlobalId" type="java.lang.String"><![CDATA[255ef46b-2fbd-4cc7-87ec-d2e6541dc515]]></Field>
</Object>
<Object class="com.sunopsis.dwg.dbobj.SnpReferencedObject">
		<Field name="IObject" type="com.sunopsis.sql.DbInt"><![CDATA[1700]]></Field>
	<Field name="ObjectPKasString" type="java.lang.String"><![CDATA[83]]></Field>
	<Field name="ObjectAKasString" type="java.lang.String"><![CDATA[DEV02_9999]]></Field>
	<Field name="Description" type="java.lang.String"><![CDATA[SNP_CONTEXT : DEV02_9999]]></Field>
 <Field name="GlobalId" type="java.lang.String"><![CDATA[98ab279d-7a0d-444c-99c7-a3c25a127a48]]></Field>
</Object>
<Object class="com.sunopsis.dwg.dbobj.SnpReferencedObject">
		<Field name="IObject" type="com.sunopsis.sql.DbInt"><![CDATA[2100]]></Field>
	<Field name="ObjectPKasString" type="java.lang.String"><![CDATA[37]]></Field>
	<Field name="ObjectAKasString" type="java.lang.String"><![CDATA[JC_SETTINGS]]></Field>
	<Field name="Description" type="java.lang.String"><![CDATA[SNP_TECHNO : Oracle #SNP_LSCHEMA : JC_SETTINGS]]></Field>
 <Field name="GlobalId" type="java.lang.String"><![CDATA[5a7cebf3-3897-4bf6-8eff-748083f8aabe]]></Field>
</Object>
<Object class="com.sunopsis.dwg.dbobj.SnpPschemaCont">
		<Field name="FirstDate" type="java.sql.Timestamp"><![CDATA[2015-09-29 06:01:29.0]]></Field>
	<Field name="FirstUser" type="java.lang.String"><![CDATA[SUPERVISOR]]></Field>
	<Field name="GlobalId" type="java.lang.String"><![CDATA[745851ce-a5f4-4603-b168-af3fdb9aa05f]]></Field>
	<Field name="IntVersion" type="com.sunopsis.sql.DbInt"><![CDATA[2]]></Field>
	<Field name="IContext" type="com.sunopsis.sql.DbInt"><![CDATA[13]]></Field>
	<Field name="ILschema" type="com.sunopsis.sql.DbInt"><![CDATA[34]]></Field>
	<Field name="IPschema" type="com.sunopsis.sql.DbInt"><![CDATA[37]]></Field>
	<Field name="LastDate" type="java.sql.Timestamp"><![CDATA[2015-12-23 12:35:08.0]]></Field>
	<Field name="LastUser" type="java.lang.String"><![CDATA[G85JJTT]]></Field>
</Object>
<Object class="com.sunopsis.dwg.dbobj.SnpReferencedObject">
		<Field name="IObject" type="com.sunopsis.sql.DbInt"><![CDATA[1500]]></Field>
	<Field name="ObjectPKasString" type="java.lang.String"><![CDATA[37]]></Field>
	<Field name="ObjectAKasString" type="java.lang.String"><![CDATA[27##DEV01_ODI_REPO_MW01]]></Field>
	<Field name="Description" type="java.lang.String"><![CDATA[SNP_TECHNO : Oracle #SNP_CONNECT : ORACLE_TROD0O #SNP_PSCHEMA : ORACLE_TROD0O.DEV01_ODI_REPO_MW01]]></Field>
 <Field name="GlobalId" type="java.lang.String"><![CDATA[34dfc55e-f288-4bec-8b9c-9f54774c2b68]]></Field>
</Object>
<Object class="com.sunopsis.dwg.dbobj.SnpReferencedObject">
		<Field name="IObject" type="com.sunopsis.sql.DbInt"><![CDATA[1700]]></Field>
	<Field name="ObjectPKasString" type="java.lang.String"><![CDATA[13]]></Field>
	<Field name="ObjectAKasString" type="java.lang.String"><![CDATA[ADELE_CTX]]></Field>
	<Field name="Description" type="java.lang.String"><![CDATA[SNP_CONTEXT : ADELE_CTX]]></Field>
 <Field name="GlobalId" type="java.lang.String"><![CDATA[77823052-9694-481b-bb42-de2795a94168]]></Field>
</Object>
<Object class="com.sunopsis.dwg.dbobj.SnpReferencedObject">
		<Field name="IObject" type="com.sunopsis.sql.DbInt"><![CDATA[2100]]></Field>
	<Field name="ObjectPKasString" type="java.lang.String"><![CDATA[34]]></Field>
	<Field name="ObjectAKasString" type="java.lang.String"><![CDATA[JC_ODI_MASTER]]></Field>
	<Field name="Description" type="java.lang.String"><![CDATA[SNP_TECHNO : Oracle #SNP_LSCHEMA : JC_ODI_MASTER]]></Field>
 <Field name="GlobalId" type="java.lang.String"><![CDATA[511210c0-ed53-425d-be83-140d4b790a64]]></Field>
</Object>
<Object class="com.sunopsis.dwg.dbobj.SnpPschemaCont">
		<Field name="FirstDate" type="java.sql.Timestamp"><![CDATA[2015-09-29 05:59:19.0]]></Field>
	<Field name="FirstUser" type="java.lang.String"><![CDATA[SUPERVISOR]]></Field>
	<Field name="GlobalId" type="java.lang.String"><![CDATA[f3d13eac-1103-49fd-a099-654c6efc0b8d]]></Field>
	<Field name="IntVersion" type="com.sunopsis.sql.DbInt"><![CDATA[4]]></Field>
	<Field name="IContext" type="com.sunopsis.sql.DbInt"><![CDATA[3]]></Field>
	<Field name="ILschema" type="com.sunopsis.sql.DbInt"><![CDATA[34]]></Field>
	<Field name="IPschema" type="com.sunopsis.sql.DbInt"><![CDATA[37]]></Field>
	<Field name="LastDate" type="java.sql.Timestamp"><![CDATA[2015-09-29 06:04:34.0]]></Field>
	<Field name="LastUser" type="java.lang.String"><![CDATA[SUPERVISOR]]></Field>
</Object>
<Object class="com.sunopsis.dwg.dbobj.SnpReferencedObject">
		<Field name="IObject" type="com.sunopsis.sql.DbInt"><![CDATA[1500]]></Field>
	<Field name="ObjectPKasString" type="java.lang.String"><![CDATA[37]]></Field>
	<Field name="ObjectAKasString" type="java.lang.String"><![CDATA[27##DEV01_ODI_REPO_MW01]]></Field>
	<Field name="Description" type="java.lang.String"><![CDATA[SNP_TECHNO : Oracle #SNP_CONNECT : ORACLE_TROD0O #SNP_PSCHEMA : ORACLE_TROD0O.DEV01_ODI_REPO_MW01]]></Field>
 <Field name="GlobalId" type="java.lang.String"><![CDATA[34dfc55e-f288-4bec-8b9c-9f54774c2b68]]></Field>
</Object>
<Object class="com.sunopsis.dwg.dbobj.SnpReferencedObject">
		<Field name="IObject" type="com.sunopsis.sql.DbInt"><![CDATA[1700]]></Field>
	<Field name="ObjectPKasString" type="java.lang.String"><![CDATA[3]]></Field>
	<Field name="ObjectAKasString" type="java.lang.String"><![CDATA[DEV01_9999]]></Field>
	<Field name="Description" type="java.lang.String"><![CDATA[SNP_CONTEXT : DEV01_9999]]></Field>
 <Field name="GlobalId" type="java.lang.String"><![CDATA[ab64110e-4ae2-4fe5-a472-e31106fb114f]]></Field>
</Object>
<Object class="com.sunopsis.dwg.dbobj.SnpReferencedObject">
		<Field name="IObject" type="com.sunopsis.sql.DbInt"><![CDATA[2100]]></Field>
	<Field name="ObjectPKasString" type="java.lang.String"><![CDATA[34]]></Field>
	<Field name="ObjectAKasString" type="java.lang.String"><![CDATA[JC_ODI_MASTER]]></Field>
	<Field name="Description" type="java.lang.String"><![CDATA[SNP_TECHNO : Oracle #SNP_LSCHEMA : JC_ODI_MASTER]]></Field>
 <Field name="GlobalId" type="java.lang.String"><![CDATA[511210c0-ed53-425d-be83-140d4b790a64]]></Field>
</Object>
<Object class="com.sunopsis.dwg.dbobj.SnpPschemaCont">
		<Field name="FirstDate" type="java.sql.Timestamp"><![CDATA[2015-10-14 13:46:12.0]]></Field>
	<Field name="FirstUser" type="java.lang.String"><![CDATA[SUPERVISOR]]></Field>
	<Field name="GlobalId" type="java.lang.String"><![CDATA[c0a12f5e-c2c3-4e96-8449-ac636eec6bc6]]></Field>
	<Field name="IntVersion" type="com.sunopsis.sql.DbInt"><![CDATA[3]]></Field>
	<Field name="IContext" type="com.sunopsis.sql.DbInt"><![CDATA[33]]></Field>
	<Field name="ILschema" type="com.sunopsis.sql.DbInt"><![CDATA[34]]></Field>
	<Field name="IPschema" type="com.sunopsis.sql.DbInt"><![CDATA[37]]></Field>
	<Field name="LastDate" type="java.sql.Timestamp"><![CDATA[2015-11-10 15:04:44.0]]></Field>
	<Field name="LastUser" type="java.lang.String"><![CDATA[G856880]]></Field>
</Object>
<Object class="com.sunopsis.dwg.dbobj.SnpReferencedObject">
		<Field name="IObject" type="com.sunopsis.sql.DbInt"><![CDATA[1500]]></Field>
	<Field name="ObjectPKasString" type="java.lang.String"><![CDATA[37]]></Field>
	<Field name="ObjectAKasString" type="java.lang.String"><![CDATA[27##DEV01_ODI_REPO_MW01]]></Field>
	<Field name="Description" type="java.lang.String"><![CDATA[SNP_TECHNO : Oracle #SNP_CONNECT : ORACLE_TROD0O #SNP_PSCHEMA : ORACLE_TROD0O.DEV01_ODI_REPO_MW01]]></Field>
 <Field name="GlobalId" type="java.lang.String"><![CDATA[34dfc55e-f288-4bec-8b9c-9f54774c2b68]]></Field>
</Object>
<Object class="com.sunopsis.dwg.dbobj.SnpReferencedObject">
		<Field name="IObject" type="com.sunopsis.sql.DbInt"><![CDATA[1700]]></Field>
	<Field name="ObjectPKasString" type="java.lang.String"><![CDATA[33]]></Field>
	<Field name="ObjectAKasString" type="java.lang.String"><![CDATA[DEV01_9999_B]]></Field>
	<Field name="Description" type="java.lang.String"><![CDATA[SNP_CONTEXT : DEV01_9999_B]]></Field>
 <Field name="GlobalId" type="java.lang.String"><![CDATA[54edb6d5-b3e9-4e6f-b809-c85c44cfbb00]]></Field>
</Object>
<Object class="com.sunopsis.dwg.dbobj.SnpReferencedObject">
		<Field name="IObject" type="com.sunopsis.sql.DbInt"><![CDATA[2100]]></Field>
	<Field name="ObjectPKasString" type="java.lang.String"><![CDATA[34]]></Field>
	<Field name="ObjectAKasString" type="java.lang.String"><![CDATA[JC_ODI_MASTER]]></Field>
	<Field name="Description" type="java.lang.String"><![CDATA[SNP_TECHNO : Oracle #SNP_LSCHEMA : JC_ODI_MASTER]]></Field>
 <Field name="GlobalId" type="java.lang.String"><![CDATA[511210c0-ed53-425d-be83-140d4b790a64]]></Field>
</Object>
<Object class="com.sunopsis.dwg.dbobj.SnpTrt">
		<Field name="BaseKmType" type="java.lang.String">null</Field>
	<Field name="CleanupOnError" type="java.lang.String">null</Field>
	<Field name="CompType" type="java.lang.String">null</Field>
	<Field name="DelegateClass" type="java.lang.String">null</Field>
	<Field name="DelegateScript" type="java.lang.String">null</Field>
	<Field name="ExpectedAstClass" type="java.lang.String">null</Field>
	<Field name="ExtVersion" type="java.lang.String">null</Field>
	<Field name="FirstDate" type="java.sql.Timestamp"><![CDATA[2015-12-22 16:51:00.0]]></Field>
	<Field name="FirstUser" type="java.lang.String"><![CDATA[G85JJTT]]></Field>
	<Field name="GenType" type="java.lang.String">null</Field>
	<Field name="GlobalId" type="java.lang.String"><![CDATA[0cc0c52f-5923-4f3f-94c7-82d8b3fc5611]]></Field>
	<Field name="IndChange" type="java.lang.String"><![CDATA[U]]></Field>
	<Field name="IndJrnMethod" type="java.lang.String"><![CDATA[S]]></Field>
	<Field name="IndSuppSetBased" type="java.lang.String">null</Field>
	<Field name="IntgType" type="java.lang.String"><![CDATA[INCREMENTAL_UPDATE]]></Field>
	<Field name="IntVersion" type="com.sunopsis.sql.DbInt"><![CDATA[3]]></Field>
	<Field name="IsConcurrent" type="java.lang.String">null</Field>
	<Field name="IsSeeded" type="java.lang.String">null</Field>
	<Field name="IBaseCompKm" type="com.sunopsis.sql.DbInt"><![CDATA[null]]></Field>
	<Field name="IFolder" type="com.sunopsis.sql.DbInt"><![CDATA[null]]></Field>
	<Field name="IProject" type="com.sunopsis.sql.DbInt"><![CDATA[null]]></Field>
	<Field name="IScBaseTrt" type="com.sunopsis.sql.DbInt"><![CDATA[null]]></Field>
	<Field name="IScOrigTrt" type="com.sunopsis.sql.DbInt"><![CDATA[null]]></Field>
	<Field name="IScTrt" type="com.sunopsis.sql.DbInt"><![CDATA[null]]></Field>
	<Field name="IState" type="com.sunopsis.sql.DbInt"><![CDATA[null]]></Field>
	<Field name="ITrt" type="com.sunopsis.sql.DbInt"><![CDATA[801]]></Field>
	<Field name="ITxtTrtTxt" type="com.sunopsis.sql.DbInt"><![CDATA[15797]]></Field>
	<Field name="KimMultiDserver" type="java.lang.String"><![CDATA[0]]></Field>
	<Field name="KmDefault" type="java.lang.String"><![CDATA[0]]></Field>
	<Field name="KmSrcTechno" type="java.lang.String">null</Field>
	<Field name="KmTechno" type="java.lang.String"><![CDATA[ORACLE]]></Field>
	<Field name="KmVersion" type="java.lang.String"><![CDATA[25]]></Field>
	<Field name="LastDate" type="java.sql.Timestamp"><![CDATA[2015-12-23 12:30:18.0]]></Field>
	<Field name="LastUser" type="java.lang.String"><![CDATA[G85JJTT]]></Field>
	<Field name="LkmType" type="java.lang.String">null</Field>
	<Field name="LChecksum" type="com.sunopsis.sql.DbInt"><![CDATA[-1593195501]]></Field>
	<Field name="LCode" type="java.lang.String">null</Field>
	<Field name="OggJkm" type="java.lang.String">null</Field>
	<Field name="OrdFolder" type="com.sunopsis.sql.DbInt"><![CDATA[null]]></Field>
	<Field name="ProcType" type="java.lang.String">null</Field>
	<Field name="ProdAstType" type="java.lang.String">null</Field>
	<Field name="RepGuid" type="java.lang.String">null</Field>
	<Field name="RepVersion" type="java.lang.String">null</Field>
	<Field name="ScriptPath" type="java.lang.String">null</Field>
	<Field name="Subtype" type="java.lang.String">null</Field>
	<Field name="TrtName" type="java.lang.String"><![CDATA[IKM_GR_Oracle Incremental Update (MERGE)]]></Field>
	<Field name="TrtType" type="java.lang.String"><![CDATA[KI]]></Field>
	<Field name="VariableDefs" type="java.lang.String">null</Field>
	<Field name="VLastDate" type="java.sql.Timestamp"><![CDATA[2009-06-17 16:37:42.0]]></Field>
</Object>
<Object class="com.sunopsis.dwg.dbobj.SnpState2">
		<Field name="FirstDate" type="java.sql.Timestamp"><![CDATA[2015-12-22 16:51:28.0]]></Field>
	<Field name="FirstUser" type="java.lang.String"><![CDATA[G85JJTT]]></Field>
	<Field name="GlobalId" type="java.lang.String"><![CDATA[d7ad44b1-07f9-44f2-8da5-d07ec3303662]]></Field>
	<Field name="IconRes" type="java.lang.String"><![CDATA[/markers/taskcomp_90.gif]]></Field>
	<Field name="IndChange" type="java.lang.String"><![CDATA[I]]></Field>
	<Field name="IntVersion" type="com.sunopsis.sql.DbInt"><![CDATA[2]]></Field>
	<Field name="InUse" type="java.lang.String"><![CDATA[1]]></Field>
	<Field name="IGrpState" type="com.sunopsis.sql.DbInt"><![CDATA[215]]></Field>
	<Field name="IState" type="com.sunopsis.sql.DbInt"><![CDATA[840]]></Field>
	<Field name="LastDate" type="java.sql.Timestamp"><![CDATA[2015-12-23 12:29:19.0]]></Field>
	<Field name="LastUser" type="java.lang.String"><![CDATA[G85JJTT]]></Field>
	<Field name="ShowDesc" type="java.lang.String"><![CDATA[1]]></Field>
	<Field name="StateCode" type="java.lang.String"><![CDATA[PROGRESS_90__]]></Field>
	<Field name="StateDatatype" type="java.lang.String"><![CDATA[A]]></Field>
	<Field name="StateName" type="java.lang.String"><![CDATA[Progress 90 %]]></Field>
	<Field name="StateOrder" type="com.sunopsis.sql.DbInt"><![CDATA[70]]></Field>
</Object>
</SunopsisExport>
