<?xml version="1.0" encoding="UTF-8"?>
<testsuite name="ro.bcr.bita.smartdeploy.OdiSmartXmlFileProcessorTest" tests="1" skipped="0" failures="0" errors="0" timestamp="2016-01-21T16:28:00" hostname="APOPOVICI" time="0.297">
  <properties/>
  <testcase name="removalOfNodeShouldBeSuccessfull" classname="ro.bcr.bita.smartdeploy.OdiSmartXmlFileProcessorTest" time="0.297"/>
  <system-out><![CDATA[]]></system-out>
  <system-err><![CDATA[]]></system-err>
</testsuite>
